<?xml version="1.0" encoding="UTF-8"?>
<robot generator="Robot 4.0 (Python 3.9.0 on darwin)" generated="20210321 13:52:36.992" rpa="false" schemaversion="2">
<suite id="s1" name="Agent" source="/Users/nathakrit/Documents/pay9/testcases/agent.robot">
<test id="s1-t1" name="Agent login with mobile no.">
<kw name="Agent login with mobile no" library="authen">
<var>${token}</var>
<kw name="Agent request otp" library="authen">
<var>${otp}</var>
<kw name="Create Dictionary" library="BuiltIn">
<var>&amp;{header}</var>
<arg>Accept=application/json</arg>
<arg>Content-Type=application/json</arg>
<doc>Creates and returns a dictionary based on the given ``items``.</doc>
<msg timestamp="20210321 13:52:37.539" level="INFO">&amp;{header} = { Accept=application/json | Content-Type=application/json }</msg>
<status status="PASS" starttime="20210321 13:52:37.538" endtime="20210321 13:52:37.539"/>
</kw>
<kw name="Create Dictionary" library="BuiltIn">
<var>&amp;{body}</var>
<arg>fcm_instance_id=-</arg>
<arg>phone_number=${mobile_no}</arg>
<doc>Creates and returns a dictionary based on the given ``items``.</doc>
<msg timestamp="20210321 13:52:37.539" level="INFO">&amp;{body} = { fcm_instance_id=- | phone_number=+66900000001 }</msg>
<status status="PASS" starttime="20210321 13:52:37.539" endtime="20210321 13:52:37.539"/>
</kw>
<kw name="Set Variable" library="BuiltIn">
<var>${end_point}</var>
<arg>${dev-url}/api/auth/v1/otp/request</arg>
<doc>Returns the given values which can then be assigned to a variables.</doc>
<msg timestamp="20210321 13:52:37.540" level="INFO">${end_point} = https://dev.pay9.co/api/auth/v1/otp/request</msg>
<status status="PASS" starttime="20210321 13:52:37.539" endtime="20210321 13:52:37.540"/>
</kw>
<kw name="Post" library="REST">
<var>${response}</var>
<arg>endpoint=${end_point}</arg>
<arg>headers=&amp;{header}</arg>
<arg>body=&amp;{body}</arg>
<tag>http</tag>
<doc>*Sends a POST request to the endpoint.*</doc>
<msg timestamp="20210321 13:52:37.727" level="INFO">${response} = {'seconds': 0.139584, 'status': 200, 'body': {'status': True, 'message': 'success', 'test_number': True, 'otp': '0773'}, 'headers': {'Date': 'Sun, 21 Mar 2021 06:52:37 GMT', 'Content-Type': 'applicati...</msg>
<status status="PASS" starttime="20210321 13:52:37.540" endtime="20210321 13:52:37.727"/>
</kw>
<kw name="Integer" library="REST">
<arg>response status</arg>
<arg>200</arg>
<tag>assertions</tag>
<doc>*Asserts the field as JSON integer.*</doc>
<status status="PASS" starttime="20210321 13:52:37.727" endtime="20210321 13:52:37.728"/>
</kw>
<kw name="Output" library="REST">
<var>${response}</var>
<arg>response body</arg>
<tag>I/O</tag>
<doc>*Outputs JSON to terminal or a file.*</doc>
<msg timestamp="20210321 13:52:37.728" level="INFO">
{
    "status": true,
    "message": "success",
    "test_number": true,
    "otp": "0773"
}</msg>
<msg timestamp="20210321 13:52:37.734" level="INFO">${response} = {'status': True, 'message': 'success', 'test_number': True, 'otp': '0773'}</msg>
<status status="PASS" starttime="20210321 13:52:37.728" endtime="20210321 13:52:37.734"/>
</kw>
<kw name="Get Value From Json" library="JSONLibrary">
<var>${otp}</var>
<arg>${response}</arg>
<arg>$..otp</arg>
<doc>Get Value From JSON using JSONPath</doc>
<msg timestamp="20210321 13:52:37.766" level="INFO">${otp} = ['0773']</msg>
<status status="PASS" starttime="20210321 13:52:37.734" endtime="20210321 13:52:37.766"/>
</kw>
<msg timestamp="20210321 13:52:37.767" level="INFO">${otp} = 0773</msg>
<status status="PASS" starttime="20210321 13:52:37.538" endtime="20210321 13:52:37.767"/>
</kw>
<kw name="Agent validate otp and get token" library="authen">
<var>${token}</var>
<arg>${mobile_no}</arg>
<arg>${otp}</arg>
<kw name="Create Dictionary" library="BuiltIn">
<var>&amp;{header}</var>
<arg>Accept=application/json</arg>
<arg>Content-Type=application/json</arg>
<doc>Creates and returns a dictionary based on the given ``items``.</doc>
<msg timestamp="20210321 13:52:37.768" level="INFO">&amp;{header} = { Accept=application/json | Content-Type=application/json }</msg>
<status status="PASS" starttime="20210321 13:52:37.767" endtime="20210321 13:52:37.768"/>
</kw>
<kw name="Create Dictionary" library="BuiltIn">
<var>&amp;{body}</var>
<arg>passcode=${otp}</arg>
<arg>phone_number=${mobile_no}</arg>
<doc>Creates and returns a dictionary based on the given ``items``.</doc>
<msg timestamp="20210321 13:52:37.768" level="INFO">&amp;{body} = { passcode=0773 | phone_number=+66900000001 }</msg>
<status status="PASS" starttime="20210321 13:52:37.768" endtime="20210321 13:52:37.768"/>
</kw>
<kw name="Set Variable" library="BuiltIn">
<var>${end_point}</var>
<arg>${dev-url}/api/auth/v1/otp/validate</arg>
<doc>Returns the given values which can then be assigned to a variables.</doc>
<msg timestamp="20210321 13:52:37.769" level="INFO">${end_point} = https://dev.pay9.co/api/auth/v1/otp/validate</msg>
<status status="PASS" starttime="20210321 13:52:37.769" endtime="20210321 13:52:37.769"/>
</kw>
<kw name="Post" library="REST">
<var>${response}</var>
<arg>endpoint=${end_point}</arg>
<arg>headers=&amp;{header}</arg>
<arg>body=&amp;{body}</arg>
<tag>http</tag>
<doc>*Sends a POST request to the endpoint.*</doc>
<msg timestamp="20210321 13:52:37.898" level="INFO">${response} = {'seconds': 0.122392, 'status': 200, 'body': {'status': True, 'message': 'success', 'access_token': '1233b6bad1924d84bd1e0282e2202602', 'expires_at': 1616309858, 'expires_in': 300, 'refresh_token': '8...</msg>
<status status="PASS" starttime="20210321 13:52:37.769" endtime="20210321 13:52:37.898"/>
</kw>
<kw name="Integer" library="REST">
<arg>response status</arg>
<arg>200</arg>
<tag>assertions</tag>
<doc>*Asserts the field as JSON integer.*</doc>
<status status="PASS" starttime="20210321 13:52:37.898" endtime="20210321 13:52:37.898"/>
</kw>
<kw name="Output" library="REST">
<var>${response}</var>
<arg>response body</arg>
<tag>I/O</tag>
<doc>*Outputs JSON to terminal or a file.*</doc>
<msg timestamp="20210321 13:52:37.899" level="INFO">
{
    "status": true,
    "message": "success",
    "access_token": "1233b6bad1924d84bd1e0282e2202602",
    "expires_at": 1616309858,
    "expires_in": 300,
    "refresh_token": "8fafb92fa4f64f718cc2b6e31e16f4a4"
}</msg>
<msg timestamp="20210321 13:52:37.899" level="INFO">${response} = {'status': True, 'message': 'success', 'access_token': '1233b6bad1924d84bd1e0282e2202602', 'expires_at': 1616309858, 'expires_in': 300, 'refresh_token': '8fafb92fa4f64f718cc2b6e31e16f4a4'}</msg>
<status status="PASS" starttime="20210321 13:52:37.899" endtime="20210321 13:52:37.899"/>
</kw>
<kw name="Get Value From Json" library="JSONLibrary">
<var>${token}</var>
<arg>${response}</arg>
<arg>$..access_token</arg>
<doc>Get Value From JSON using JSONPath</doc>
<msg timestamp="20210321 13:52:37.926" level="INFO">${token} = ['1233b6bad1924d84bd1e0282e2202602']</msg>
<status status="PASS" starttime="20210321 13:52:37.899" endtime="20210321 13:52:37.926"/>
</kw>
<msg timestamp="20210321 13:52:37.927" level="INFO">${token} = 1233b6bad1924d84bd1e0282e2202602</msg>
<status status="PASS" starttime="20210321 13:52:37.767" endtime="20210321 13:52:37.927"/>
</kw>
<msg timestamp="20210321 13:52:37.927" level="INFO">${token} = 1233b6bad1924d84bd1e0282e2202602</msg>
<status status="PASS" starttime="20210321 13:52:37.537" endtime="20210321 13:52:37.927"/>
</kw>
<kw name="Get merchant" library="authen">
<arg>${token}</arg>
<kw name="Create Dictionary" library="BuiltIn">
<var>&amp;{header}</var>
<arg>Accept=application/json</arg>
<arg>Content-Type=application/json</arg>
<arg>X-Access-Token=${token}</arg>
<doc>Creates and returns a dictionary based on the given ``items``.</doc>
<msg timestamp="20210321 13:52:37.928" level="INFO">&amp;{header} = { Accept=application/json | Content-Type=application/json | X-Access-Token=1233b6bad1924d84bd1e0282e2202602 }</msg>
<status status="PASS" starttime="20210321 13:52:37.928" endtime="20210321 13:52:37.928"/>
</kw>
<kw name="Create Dictionary" library="BuiltIn">
<var>&amp;{body}</var>
<arg>asc=asc</arg>
<arg>keyword=นพดลพานิช</arg>
<arg>limit=10</arg>
<arg>order_by=agent_merchant</arg>
<arg>page=1</arg>
<arg>search=string</arg>
<arg>status=all||agent</arg>
<doc>Creates and returns a dictionary based on the given ``items``.</doc>
<msg timestamp="20210321 13:52:37.929" level="INFO">&amp;{body} = { asc=asc | keyword=นพดลพานิช | limit=10 | order_by=agent_merchant | page=1 | search=string | status=all||agent }</msg>
<status status="PASS" starttime="20210321 13:52:37.928" endtime="20210321 13:52:37.929"/>
</kw>
<kw name="Set Variable" library="BuiltIn">
<var>${end_point}</var>
<arg>${dev-url}/api/agent/v1/list/merchant/agent</arg>
<doc>Returns the given values which can then be assigned to a variables.</doc>
<msg timestamp="20210321 13:52:37.929" level="INFO">${end_point} = https://dev.pay9.co/api/agent/v1/list/merchant/agent</msg>
<status status="PASS" starttime="20210321 13:52:37.929" endtime="20210321 13:52:37.929"/>
</kw>
<kw name="Post" library="REST">
<var>${response}</var>
<arg>endpoint=${end_point}</arg>
<arg>headers=&amp;{header}</arg>
<arg>body=&amp;{body}</arg>
<tag>http</tag>
<doc>*Sends a POST request to the endpoint.*</doc>
<msg timestamp="20210321 13:52:38.063" level="INFO">${response} = {'seconds': 0.128873, 'status': 400, 'body': {'status': False, 'error': 'billing: bad request body', 'message': 'การร้องขอไม่ถูกต้อง'}, 'headers': {'Date': 'Sun, 21 Mar 2021 06:52:38 GMT', 'Content-Ty...</msg>
<status status="PASS" starttime="20210321 13:52:37.929" endtime="20210321 13:52:38.063"/>
</kw>
<kw name="Integer" library="REST">
<arg>response status</arg>
<arg>200</arg>
<tag>assertions</tag>
<doc>*Asserts the field as JSON integer.*</doc>
<msg timestamp="20210321 13:52:38.065" level="FAIL">400 is not one of [200]

Failed validating 'enum' in schema:
    {'enum': [200], 'type': 'integer'}

On instance:
    400</msg>
<status status="FAIL" starttime="20210321 13:52:38.064" endtime="20210321 13:52:38.065"/>
</kw>
<status status="FAIL" starttime="20210321 13:52:37.927" endtime="20210321 13:52:38.065"/>
</kw>
<tag>authen</tag>
<status status="FAIL" starttime="20210321 13:52:37.537" endtime="20210321 13:52:38.066">400 is not one of [200]

Failed validating 'enum' in schema:
    {'enum': [200], 'type': 'integer'}

On instance:
    400</status>
</test>
<status status="FAIL" starttime="20210321 13:52:36.994" endtime="20210321 13:52:38.067"/>
</suite>
<statistics>
<total>
<stat pass="0" fail="1" skip="0">All Tests</stat>
</total>
<tag>
<stat pass="0" fail="1" skip="0">authen</stat>
</tag>
<suite>
<stat pass="0" fail="1" skip="0" id="s1" name="Agent">Agent</stat>
</suite>
</statistics>
<errors>
<msg timestamp="20210321 13:52:37.290" level="ERROR">Error in file '/Users/nathakrit/Documents/pay9/common.robot' on line 4: Importing library 'HttpLibrary.HTTP' failed: Module 'HttpLibrary' does not contain 'HTTP'.</msg>
</errors>
</robot>
