<?xml version="1.0" encoding="UTF-8"?>
<robot generator="Robot 4.0 (Python 3.9.0 on darwin)" generated="20210403 00:12:53.959" rpa="false" schemaversion="2">
<suite id="s1" name="Agent Web" source="/Users/nathakrit/Documents/pay9/testcases/web/agent_web.robot">
<test id="s1-t1" name="Agent create quotation and send to user via email">
<kw name="Open agent browser" library="keywords_agent_web">
<kw name="Open Browser" library="SeleniumLibrary">
<arg>${pay9-agent-uat}</arg>
<arg>chrome</arg>
<doc>Opens a new browser instance to the optional ``url``.</doc>
<msg timestamp="20210403 00:12:54.567" level="INFO">Opening browser 'chrome' to base url 'https://agent-uat.pay9.co'.</msg>
<status status="PASS" starttime="20210403 00:12:54.566" endtime="20210403 00:13:01.154"/>
</kw>
<status status="PASS" starttime="20210403 00:12:54.566" endtime="20210403 00:13:01.154"/>
</kw>
<kw name="Minimize browser to mobile size" library="keywords_agent_web">
<kw name="Set Window Size" library="SeleniumLibrary">
<arg>${400}</arg>
<arg>${805}</arg>
<doc>Sets current windows size to given ``width`` and ``height``.</doc>
<status status="PASS" starttime="20210403 00:13:01.155" endtime="20210403 00:13:01.322"/>
</kw>
<status status="PASS" starttime="20210403 00:13:01.154" endtime="20210403 00:13:01.322"/>
</kw>
<tag>quotation</tag>
<status status="PASS" starttime="20210403 00:12:54.565" endtime="20210403 00:13:01.322"/>
</test>
<status status="PASS" starttime="20210403 00:12:53.960" endtime="20210403 00:13:01.324"/>
</suite>
<statistics>
<total>
<stat pass="1" fail="0" skip="0">All Tests</stat>
</total>
<tag>
<stat pass="1" fail="0" skip="0">quotation</stat>
</tag>
<suite>
<stat pass="1" fail="0" skip="0" id="s1" name="Agent Web">Agent Web</stat>
</suite>
</statistics>
<errors>
<msg timestamp="20210403 00:12:54.281" level="ERROR">Error in file '/Users/nathakrit/Documents/pay9/common.robot' on line 4: Importing library 'HttpLibrary.HTTP' failed: Module 'HttpLibrary' does not contain 'HTTP'.</msg>
</errors>
</robot>
