<?xml version="1.0" encoding="UTF-8"?>
<robot generator="Robot 4.0 (Python 3.9.0 on darwin)" generated="20210426 00:16:33.679" rpa="false" schemaversion="2">
<suite id="s1" name="Agent Web" source="/Users/nathakrit/Documents/pay9/testcases/web/agent_web.robot">
<test id="s1-t1" name="Agent create quotation and send to user via email">
<kw name="Set Selenium Speed" library="SeleniumLibrary">
<arg>0.5</arg>
<doc>Sets the delay that is waited after each Selenium command.</doc>
<status status="PASS" starttime="20210426 00:16:34.192" endtime="20210426 00:16:34.192"/>
</kw>
<kw name="Open agent browser" library="keywords_agent_web">
<kw name="Open Browser" library="SeleniumLibrary">
<arg>${pay9-agent-dev}</arg>
<arg>chrome</arg>
<doc>Opens a new browser instance to the optional ``url``.</doc>
<msg timestamp="20210426 00:16:34.193" level="INFO">Opening browser 'chrome' to base url 'https://agent-dev.pay9.co'.</msg>
<status status="PASS" starttime="20210426 00:16:34.193" endtime="20210426 00:16:37.744"/>
</kw>
<status status="PASS" starttime="20210426 00:16:34.192" endtime="20210426 00:16:37.745"/>
</kw>
<kw name="Minimize browser to mobile size" library="keywords_agent_web">
<kw name="Set Window Size" library="SeleniumLibrary">
<arg>${400}</arg>
<arg>${805}</arg>
<doc>Sets current windows size to given ``width`` and ``height``.</doc>
<status status="PASS" starttime="20210426 00:16:37.746" endtime="20210426 00:16:38.361"/>
</kw>
<status status="PASS" starttime="20210426 00:16:37.745" endtime="20210426 00:16:38.361"/>
</kw>
<kw name="Login with mobile_no" library="keywords_agent_web">
<kw name="Wait Until Element Is Visible" library="SeleniumLibrary">
<arg>${txt-mobile_no}</arg>
<doc>Waits until the element ``locator`` is visible.</doc>
<status status="PASS" starttime="20210426 00:16:38.361" endtime="20210426 00:16:39.388"/>
</kw>
<kw name="Press Keys" library="SeleniumLibrary">
<arg>${txt-mobile_no}</arg>
<arg>${agent-mobile_no}</arg>
<doc>Simulates the user pressing key(s) to an element or on the active browser.</doc>
<msg timestamp="20210426 00:16:39.389" level="INFO">Sending key(s) ('0811000001',) to //*[@class="card"]/div/div/div/input element.</msg>
<msg timestamp="20210426 00:16:40.711" level="INFO">Sending keys 0811000001</msg>
<status status="PASS" starttime="20210426 00:16:39.388" endtime="20210426 00:16:41.265"/>
</kw>
<kw name="Click Element" library="SeleniumLibrary">
<arg>${btn-login}</arg>
<doc>Click the element identified by ``locator``.</doc>
<msg timestamp="20210426 00:16:41.265" level="INFO">Clicking element '//*[@class="card"]/div/div/div/button'.</msg>
<status status="PASS" starttime="20210426 00:16:41.265" endtime="20210426 00:16:42.310"/>
</kw>
<kw name="Press Keys" library="SeleniumLibrary">
<arg>${txt-otp}</arg>
<arg>${otp-mock}</arg>
<doc>Simulates the user pressing key(s) to an element or on the active browser.</doc>
<msg timestamp="20210426 00:16:42.311" level="INFO">Sending key(s) ('1111',) to //*[@class="card"]/div/div/div/input element.</msg>
<msg timestamp="20210426 00:16:43.591" level="INFO">Sending keys 1111</msg>
<status status="PASS" starttime="20210426 00:16:42.311" endtime="20210426 00:16:44.105"/>
</kw>
<kw name="Click Element" library="SeleniumLibrary">
<arg>${btn-submit-otp}</arg>
<doc>Click the element identified by ``locator``.</doc>
<msg timestamp="20210426 00:16:44.106" level="INFO">Clicking element '//*[@class="card"]/div/div/div/button'.</msg>
<status status="PASS" starttime="20210426 00:16:44.106" endtime="20210426 00:16:45.144"/>
</kw>
<status status="PASS" starttime="20210426 00:16:38.361" endtime="20210426 00:16:45.144"/>
</kw>
<kw name="Select shop" library="keywords_agent_web">
<kw name="Go To" library="SeleniumLibrary">
<arg>${pay9-agent-dev}/11</arg>
<doc>Navigates the current browser window to the provided ``url``.</doc>
<msg timestamp="20210426 00:16:45.145" level="INFO">Opening url 'https://agent-dev.pay9.co/11'</msg>
<status status="PASS" starttime="20210426 00:16:45.145" endtime="20210426 00:16:46.049"/>
</kw>
<status status="PASS" starttime="20210426 00:16:45.144" endtime="20210426 00:16:46.049"/>
</kw>
<kw name="Add product to cart" library="keywords_agent_web">
<kw name="Scroll Element Into View" library="SeleniumLibrary">
<arg>${product-1}</arg>
<doc>Scrolls the element identified by ``locator`` into view.</doc>
<status status="PASS" starttime="20210426 00:16:46.050" endtime="20210426 00:16:47.321"/>
</kw>
<kw name="Wait Until Element Is Visible" library="SeleniumLibrary">
<arg>${product-1}</arg>
<doc>Waits until the element ``locator`` is visible.</doc>
<status status="PASS" starttime="20210426 00:16:47.321" endtime="20210426 00:16:48.344"/>
</kw>
<kw name="Click Element" library="SeleniumLibrary">
<arg>${product-1}</arg>
<doc>Click the element identified by ``locator``.</doc>
<msg timestamp="20210426 00:16:48.345" level="INFO">Clicking element '//*[@class="table-responsive"]/table/tr/td[1]/div/div'.</msg>
<status status="PASS" starttime="20210426 00:16:48.344" endtime="20210426 00:16:49.374"/>
</kw>
<kw name="Wait Until Element Is Visible" library="SeleniumLibrary">
<arg>${add-to-cart-btn}</arg>
<doc>Waits until the element ``locator`` is visible.</doc>
<status status="PASS" starttime="20210426 00:16:49.375" endtime="20210426 00:16:50.393"/>
</kw>
<kw name="Click Element" library="SeleniumLibrary">
<arg>${add-to-cart-btn}</arg>
<doc>Click the element identified by ``locator``.</doc>
<msg timestamp="20210426 00:16:50.393" level="INFO">Clicking element '//*[@class="page-main container pb-5"]/div/div[2]/div/div/div[4]/div/button'.</msg>
<status status="PASS" starttime="20210426 00:16:50.393" endtime="20210426 00:16:51.426"/>
</kw>
<status status="PASS" starttime="20210426 00:16:46.049" endtime="20210426 00:16:51.427"/>
</kw>
<tag>quotation</tag>
<status status="PASS" starttime="20210426 00:16:34.191" endtime="20210426 00:16:51.428"/>
</test>
<status status="PASS" starttime="20210426 00:16:33.681" endtime="20210426 00:16:51.429"/>
</suite>
<statistics>
<total>
<stat pass="1" fail="0" skip="0">All Tests</stat>
</total>
<tag>
<stat pass="1" fail="0" skip="0">quotation</stat>
</tag>
<suite>
<stat pass="1" fail="0" skip="0" id="s1" name="Agent Web">Agent Web</stat>
</suite>
</statistics>
<errors>
<msg timestamp="20210426 00:16:33.936" level="ERROR">Error in file '/Users/nathakrit/Documents/pay9/common.robot' on line 4: Importing library 'HttpLibrary.HTTP' failed: Module 'HttpLibrary' does not contain 'HTTP'.</msg>
<msg timestamp="20210426 00:16:34.182" level="ERROR">Error in file '/Users/nathakrit/Documents/pay9/keywords/web/keywords_agent_web.robot' on line 3: Importing library 'ExtendedSelenium2Library' failed: ModuleNotFoundError: No module named 'ExtendedSelenium2Library'
Traceback (most recent call last):
  None
PYTHONPATH:
  /Users/nathakrit/Documents/pay9/testcases/web
  /Library/Frameworks/Python.framework/Versions/3.9/lib/python39.zip
  /Library/Frameworks/Python.framework/Versions/3.9/lib/python3.9
  /Library/Frameworks/Python.framework/Versions/3.9/lib/python3.9/lib-dynload
  /Users/nathakrit/Documents/pay9/env/lib/python3.9/site-packages</msg>
<msg timestamp="20210426 00:16:34.189" level="ERROR">Error in file '/Users/nathakrit/Documents/pay9/resources/variables/web_import.robot' on line 2: Importing library 'Selenium2Library' failed: ModuleNotFoundError: No module named 'Selenium2Library'
Traceback (most recent call last):
  None
PYTHONPATH:
  /Users/nathakrit/Documents/pay9/testcases/web
  /Library/Frameworks/Python.framework/Versions/3.9/lib/python39.zip
  /Library/Frameworks/Python.framework/Versions/3.9/lib/python3.9
  /Library/Frameworks/Python.framework/Versions/3.9/lib/python3.9/lib-dynload
  /Users/nathakrit/Documents/pay9/env/lib/python3.9/site-packages</msg>
</errors>
</robot>
