<?xml version="1.0" encoding="UTF-8"?>
<robot generator="Robot 4.0 (Python 3.9.0 on darwin)" generated="20210325 00:25:47.391" rpa="false" schemaversion="2">
<suite id="s1" name="Merchant Web" source="/Users/nathakrit/Documents/pay9/testcases/web/merchant_web.robot">
<test id="s1-t1" name="Merchant backoffice website">
<kw name="Open merchant browser" library="keywords_merchant">
<kw name="Open Browser" library="SeleniumLibrary">
<arg>${url_merchant_dev}</arg>
<arg>chrome</arg>
<doc>Opens a new browser instance to the optional ``url``.</doc>
<msg timestamp="20210325 00:25:48.040" level="INFO">Opening browser 'chrome' to base url 'https://merchant-dev.pay9.co/merchant/5435f6a8-1f83-442c-b787-38762f82e7cd/product'.</msg>
<status status="PASS" starttime="20210325 00:25:48.040" endtime="20210325 00:25:51.570"/>
</kw>
<kw name="Maximize Browser Window" library="SeleniumLibrary">
<doc>Maximizes current browser window.</doc>
<status status="PASS" starttime="20210325 00:25:51.571" endtime="20210325 00:25:51.866"/>
</kw>
<kw name="Set Selenium Speed" library="SeleniumLibrary">
<arg>0.5</arg>
<doc>Sets the delay that is waited after each Selenium command.</doc>
<status status="PASS" starttime="20210325 00:25:51.866" endtime="20210325 00:25:51.867"/>
</kw>
<status status="PASS" starttime="20210325 00:25:48.039" endtime="20210325 00:25:51.867"/>
</kw>
<kw name="Merchant create product" library="keywords_merchant">
<kw name="Click Element" library="SeleniumLibrary">
<arg>${xpath_add_product}</arg>
<doc>Click the element identified by ``locator``.</doc>
<msg timestamp="20210325 00:25:51.869" level="INFO">Clicking element '//*[@id="app"]/div/main/div/div/div/div/div/div[2]/div/div[2]/a/span'.</msg>
<status status="PASS" starttime="20210325 00:25:51.868" endtime="20210325 00:25:52.926"/>
</kw>
<kw name="Input Text" library="SeleniumLibrary">
<arg>${txt_product_name}</arg>
<arg>${product_name}</arg>
<doc>Types the given ``text`` into the text field identified by ``locator``.</doc>
<msg timestamp="20210325 00:25:52.926" level="INFO">Typing text 'Macbook air M1' into text field '//*[@class="pt-0 col col-6"]/span[1]/div'.</msg>
<kw name="Capture Page Screenshot" library="SeleniumLibrary">
<doc>Takes a screenshot of the current page and embeds it into a log file.</doc>
<msg timestamp="20210325 00:25:54.579" level="INFO" html="true">&lt;/td&gt;&lt;/tr&gt;&lt;tr&gt;&lt;td colspan="3"&gt;&lt;a href="selenium-screenshot-10.png"&gt;&lt;img src="selenium-screenshot-10.png" width="800px"&gt;&lt;/a&gt;</msg>
<status status="PASS" starttime="20210325 00:25:53.449" endtime="20210325 00:25:54.579"/>
</kw>
<msg timestamp="20210325 00:25:54.586" level="FAIL">InvalidElementStateException: Message: invalid element state
  (Session info: chrome=89.0.4389.90)
Stacktrace:
0   chromedriver                        0x0000000107314b59 chromedriver + 2595673
1   chromedriver                        0x00000001079c8b33 chromedriver + 9624371
2   chromedriver                        0x00000001070c460a chromedriver + 169482
3   chromedriver                        0x00000001070edc1c chromedriver + 338972
4   chromedriver                        0x00000001071107d2 chromedriver + 481234
5   chromedriver                        0x00000001070ec045 chromedriver + 331845
6   chromedriver                        0x0000000107110a4e chromedriver + 481870
7   chromedriver                        0x000000010711fc46 chromedriver + 543814
8   chromedriver                        0x00000001071109f3 chromedriver + 481779
9   chromedriver                        0x00000001070eacd6 chromedriver + 326870
10  chromedriver                        0x00000001070ebba7 chromedriver + 330663
11  chromedriver                        0x00000001072e2b09 chromedriver + 2390793
12  chromedriver                        0x00000001072efbcc chromedriver + 2444236
13  chromedriver                        0x00000001072ef6ee chromedriver + 2442990
14  chromedriver                        0x00000001072c9832 chromedriver + 2287666
15  chromedriver                        0x00000001072f063f chromedriver + 2446911
16  chromedriver                        0x00000001072d8299 chromedriver + 2347673
17  chromedriver                        0x00000001073078b9 chromedriver + 2541753
18  chromedriver                        0x000000010731a008 chromedriver + 2617352
19  libsystem_pthread.dylib             0x00007fff203aa950 _pthread_start + 224
20  libsystem_pthread.dylib             0x00007fff203a647b thread_start + 15
</msg>
<status status="FAIL" starttime="20210325 00:25:52.926" endtime="20210325 00:25:54.586"/>
</kw>
<kw name="Input Text" library="SeleniumLibrary">
<arg>${txt_brandname}</arg>
<arg>${EMPTY}</arg>
<doc>Types the given ``text`` into the text field identified by ``locator``.</doc>
<status status="NOT RUN" starttime="20210325 00:25:54.586" endtime="20210325 00:25:54.586"/>
</kw>
<kw name="Input Text" library="SeleniumLibrary">
<arg>${txt_brandname}</arg>
<arg>${brandname}</arg>
<doc>Types the given ``text`` into the text field identified by ``locator``.</doc>
<status status="NOT RUN" starttime="20210325 00:25:54.587" endtime="20210325 00:25:54.587"/>
</kw>
<status status="FAIL" starttime="20210325 00:25:51.867" endtime="20210325 00:25:54.587"/>
</kw>
<tag>merchant</tag>
<status status="FAIL" starttime="20210325 00:25:48.039" endtime="20210325 00:25:54.588">InvalidElementStateException: Message: invalid element state
  (Session info: chrome=89.0.4389.90)
Stacktrace:
0   chromedriver                        0x0000000107314b59 chromedriver + 2595673
1   chromedriver                        0x00000001079c8b33 chromedriver + 9624371
2   chromedriver                        0x00000001070c460a chromedriver + 169482
3   chromedriver                        0x00000001070edc1c chromedriver + 338972
4   chromedriver                        0x00000001071107d2 chromedriver + 481234
5   chromedriver                        0x00000001070ec045 chromedriver + 331845
6   chromedriver                        0x0000000107110a4e chromedriver + 481870
7   chromedriver                        0x000000010711fc46 chromedriver + 543814
8   chromedriver                        0x00000001071109f3 chromedriver + 4...
    [ Message content over the limit has been removed. ]
...hromedriver                        0x00000001070ebba7 chromedriver + 330663
11  chromedriver                        0x00000001072e2b09 chromedriver + 2390793
12  chromedriver                        0x00000001072efbcc chromedriver + 2444236
13  chromedriver                        0x00000001072ef6ee chromedriver + 2442990
14  chromedriver                        0x00000001072c9832 chromedriver + 2287666
15  chromedriver                        0x00000001072f063f chromedriver + 2446911
16  chromedriver                        0x00000001072d8299 chromedriver + 2347673
17  chromedriver                        0x00000001073078b9 chromedriver + 2541753
18  chromedriver                        0x000000010731a008 chromedriver + 2617352
19  libsystem_pthread.dylib             0x00007fff203aa950 _pthread_start + 224
20  libsystem_pthread.dylib             0x00007fff203a647b thread_start + 15</status>
</test>
<status status="FAIL" starttime="20210325 00:25:47.392" endtime="20210325 00:25:54.589"/>
</suite>
<statistics>
<total>
<stat pass="0" fail="1" skip="0">All Tests</stat>
</total>
<tag>
<stat pass="0" fail="1" skip="0">merchant</stat>
</tag>
<suite>
<stat pass="0" fail="1" skip="0" id="s1" name="Merchant Web">Merchant Web</stat>
</suite>
</statistics>
<errors>
<msg timestamp="20210325 00:25:47.757" level="ERROR">Error in file '/Users/nathakrit/Documents/pay9/common.robot' on line 4: Importing library 'HttpLibrary.HTTP' failed: Module 'HttpLibrary' does not contain 'HTTP'.</msg>
</errors>
</robot>
