<?xml version="1.0" encoding="UTF-8"?>
<robot generator="Robot 4.0 (Python 3.9.0 on darwin)" generated="20211013 00:09:35.478" rpa="false" schemaversion="2">
<suite id="s1" name="Agent Web" source="/Users/nathakrit/Documents/pay9/testcases/web/agent_web.robot">
<test id="s1-t1" name="Agent create quotation and send to user via email">
<kw name="Set Selenium Speed" library="SeleniumLibrary">
<arg>0.5</arg>
<doc>Sets the delay that is waited after each Selenium command.</doc>
<status status="PASS" starttime="20211013 00:09:36.075" endtime="20211013 00:09:36.076"/>
</kw>
<kw name="Open agent browser" library="keywords_agent_web">
<kw name="Open Browser" library="SeleniumLibrary">
<arg>${pay9-agent-dev}</arg>
<arg>chrome</arg>
<doc>Opens a new browser instance to the optional ``url``.</doc>
<msg timestamp="20211013 00:09:36.077" level="INFO">Opening browser 'chrome' to base url 'https://agent-dev.pay9.co'.</msg>
<status status="PASS" starttime="20211013 00:09:36.076" endtime="20211013 00:09:41.342"/>
</kw>
<status status="PASS" starttime="20211013 00:09:36.076" endtime="20211013 00:09:41.342"/>
</kw>
<kw name="Minimize browser to mobile size" library="keywords_agent_web">
<kw name="Set Window Size" library="SeleniumLibrary">
<arg>${400}</arg>
<arg>${805}</arg>
<doc>Sets current windows size to given ``width`` and ``height``.</doc>
<status status="PASS" starttime="20211013 00:09:41.343" endtime="20211013 00:09:41.956"/>
</kw>
<status status="PASS" starttime="20211013 00:09:41.343" endtime="20211013 00:09:41.956"/>
</kw>
<kw name="Login with mobile_no" library="keywords_agent_web">
<kw name="Wait Until Element Is Visible" library="SeleniumLibrary">
<arg>${txt-mobile_no}</arg>
<doc>Waits until the element ``locator`` is visible.</doc>
<status status="PASS" starttime="20211013 00:09:41.957" endtime="20211013 00:09:42.982"/>
</kw>
<kw name="Press Keys" library="SeleniumLibrary">
<arg>${txt-mobile_no}</arg>
<arg>${agent-mobile_no}</arg>
<doc>Simulates the user pressing key(s) to an element or on the active browser.</doc>
<msg timestamp="20211013 00:09:42.983" level="INFO">Sending key(s) ('0811000001',) to //*[@class="card"]/div/div/div/input element.</msg>
<msg timestamp="20211013 00:09:44.301" level="INFO">Sending keys 0811000001</msg>
<status status="PASS" starttime="20211013 00:09:42.983" endtime="20211013 00:09:44.858"/>
</kw>
<kw name="Click Element" library="SeleniumLibrary">
<arg>${btn-login}</arg>
<doc>Click the element identified by ``locator``.</doc>
<msg timestamp="20211013 00:09:44.858" level="INFO">Clicking element '//*[@class="card"]/div/div/div/button'.</msg>
<status status="PASS" starttime="20211013 00:09:44.858" endtime="20211013 00:09:45.919"/>
</kw>
<kw name="Press Keys" library="SeleniumLibrary">
<arg>${txt-otp}</arg>
<arg>${otp-mock}</arg>
<doc>Simulates the user pressing key(s) to an element or on the active browser.</doc>
<msg timestamp="20211013 00:09:45.920" level="INFO">Sending key(s) ('1111',) to //*[@class="card"]/div/div/div/input element.</msg>
<msg timestamp="20211013 00:09:47.194" level="INFO">Sending keys 1111</msg>
<status status="PASS" starttime="20211013 00:09:45.919" endtime="20211013 00:09:47.706"/>
</kw>
<kw name="Click Element" library="SeleniumLibrary">
<arg>${btn-submit-otp}</arg>
<doc>Click the element identified by ``locator``.</doc>
<msg timestamp="20211013 00:09:47.706" level="INFO">Clicking element '//*[@class="card"]/div/div/div/button'.</msg>
<status status="PASS" starttime="20211013 00:09:47.706" endtime="20211013 00:09:48.742"/>
</kw>
<status status="PASS" starttime="20211013 00:09:41.957" endtime="20211013 00:09:48.742"/>
</kw>
<kw name="Select shop" library="keywords_agent_web">
<kw name="Go To" library="SeleniumLibrary">
<arg>${pay9-agent-dev}/13</arg>
<doc>Navigates the current browser window to the provided ``url``.</doc>
<msg timestamp="20211013 00:09:48.744" level="INFO">Opening url 'https://agent-dev.pay9.co/13'</msg>
<status status="PASS" starttime="20211013 00:09:48.743" endtime="20211013 00:09:49.613"/>
</kw>
<kw name="Wait Until Element Is Visible" library="SeleniumLibrary">
<arg>${lbl-recomment}</arg>
<doc>Waits until the element ``locator`` is visible.</doc>
<status status="PASS" starttime="20211013 00:09:49.613" endtime="20211013 00:09:50.636"/>
</kw>
<status status="PASS" starttime="20211013 00:09:48.743" endtime="20211013 00:09:50.636"/>
</kw>
<kw name="Add product to cart" library="keywords_agent_web">
<kw name="Scroll Element Into View" library="SeleniumLibrary">
<arg>${product-1}</arg>
<doc>Scrolls the element identified by ``locator`` into view.</doc>
<status status="PASS" starttime="20211013 00:09:50.637" endtime="20211013 00:09:51.920"/>
</kw>
<kw name="Wait Until Element Is Visible" library="SeleniumLibrary">
<arg>${product-1}</arg>
<doc>Waits until the element ``locator`` is visible.</doc>
<status status="PASS" starttime="20211013 00:09:51.920" endtime="20211013 00:09:52.939"/>
</kw>
<kw name="Click Element" library="SeleniumLibrary">
<arg>${product-1}</arg>
<doc>Click the element identified by ``locator``.</doc>
<msg timestamp="20211013 00:09:52.940" level="INFO">Clicking element '//*[@class="table-responsive"]/table/tr/td[1]/div/div'.</msg>
<status status="PASS" starttime="20211013 00:09:52.939" endtime="20211013 00:09:53.983"/>
</kw>
<kw name="Wait Until Element Is Visible" library="SeleniumLibrary">
<arg>${add-to-cart}</arg>
<doc>Waits until the element ``locator`` is visible.</doc>
<status status="PASS" starttime="20211013 00:09:53.983" endtime="20211013 00:09:55.001"/>
</kw>
<kw name="Click on add to cart button" library="keywords_agent_web">
<kw name="Click Element" library="SeleniumLibrary">
<arg>${add-to-cart}</arg>
<doc>Click the element identified by ``locator``.</doc>
<msg timestamp="20211013 00:09:55.002" level="INFO">Clicking element '//*[@class='container-fluid d-flex align-items-center']/div[2]/button'.</msg>
<status status="PASS" starttime="20211013 00:09:55.002" endtime="20211013 00:09:56.036"/>
</kw>
<status status="PASS" starttime="20211013 00:09:55.001" endtime="20211013 00:09:56.036"/>
</kw>
<kw name="Wait Until Element Is Visible" library="SeleniumLibrary">
<arg>${cart-icon}</arg>
<doc>Waits until the element ``locator`` is visible.</doc>
<kw name="Capture Page Screenshot" library="SeleniumLibrary">
<doc>Takes a screenshot of the current page and embeds it into a log file.</doc>
<msg timestamp="20211013 00:10:07.271" level="INFO" html="true">&lt;/td&gt;&lt;/tr&gt;&lt;tr&gt;&lt;td colspan="3"&gt;&lt;a href="selenium-screenshot-46.png"&gt;&lt;img src="selenium-screenshot-46.png" width="800px"&gt;&lt;/a&gt;</msg>
<status status="PASS" starttime="20211013 00:10:06.669" endtime="20211013 00:10:07.271"/>
</kw>
<msg timestamp="20211013 00:10:07.275" level="FAIL">Element '//*[@class="navbar navbar-light container"]/div/div[2]/div/div[2]/img' not visible after 10 seconds.</msg>
<status status="FAIL" starttime="20211013 00:09:56.036" endtime="20211013 00:10:07.276"/>
</kw>
<kw name="Click Element" library="SeleniumLibrary">
<arg>${cart-icon}</arg>
<doc>Click the element identified by ``locator``.</doc>
<status status="NOT RUN" starttime="20211013 00:10:07.276" endtime="20211013 00:10:07.276"/>
</kw>
<status status="FAIL" starttime="20211013 00:09:50.636" endtime="20211013 00:10:07.276"/>
</kw>
<tag>quotation</tag>
<status status="FAIL" starttime="20211013 00:09:36.075" endtime="20211013 00:10:07.276">Element '//*[@class="navbar navbar-light container"]/div/div[2]/div/div[2]/img' not visible after 10 seconds.</status>
</test>
<status status="FAIL" starttime="20211013 00:09:35.480" endtime="20211013 00:10:07.277"/>
</suite>
<statistics>
<total>
<stat pass="0" fail="1" skip="0">All Tests</stat>
</total>
<tag>
<stat pass="0" fail="1" skip="0">quotation</stat>
</tag>
<suite>
<stat pass="0" fail="1" skip="0" id="s1" name="Agent Web">Agent Web</stat>
</suite>
</statistics>
<errors>
<msg timestamp="20211013 00:09:35.804" level="ERROR">Error in file '/Users/nathakrit/Documents/pay9/common.robot' on line 4: Importing library 'HttpLibrary.HTTP' failed: Module 'HttpLibrary' does not contain 'HTTP'.</msg>
<msg timestamp="20211013 00:09:36.065" level="ERROR">Error in file '/Users/nathakrit/Documents/pay9/keywords/web/keywords_agent_web.robot' on line 3: Importing library 'ExtendedSelenium2Library' failed: ModuleNotFoundError: No module named 'ExtendedSelenium2Library'
Traceback (most recent call last):
  None
PYTHONPATH:
  /Users/nathakrit/Documents/pay9/testcases/web
  /Library/Frameworks/Python.framework/Versions/3.9/lib/python39.zip
  /Library/Frameworks/Python.framework/Versions/3.9/lib/python3.9
  /Library/Frameworks/Python.framework/Versions/3.9/lib/python3.9/lib-dynload
  /Users/nathakrit/Documents/pay9/env/lib/python3.9/site-packages</msg>
<msg timestamp="20211013 00:09:36.072" level="ERROR">Error in file '/Users/nathakrit/Documents/pay9/resources/variables/web_import.robot' on line 2: Importing library 'Selenium2Library' failed: ModuleNotFoundError: No module named 'Selenium2Library'
Traceback (most recent call last):
  None
PYTHONPATH:
  /Users/nathakrit/Documents/pay9/testcases/web
  /Library/Frameworks/Python.framework/Versions/3.9/lib/python39.zip
  /Library/Frameworks/Python.framework/Versions/3.9/lib/python3.9
  /Library/Frameworks/Python.framework/Versions/3.9/lib/python3.9/lib-dynload
  /Users/nathakrit/Documents/pay9/env/lib/python3.9/site-packages</msg>
</errors>
</robot>
