<?xml version="1.0" encoding="UTF-8"?>
<robot generator="Robot 4.0 (Python 3.9.0 on darwin)" generated="20211019 18:31:19.998" rpa="false" schemaversion="2">
<suite id="s1" name="Agent Web" source="/Users/nathakrit/Documents/pay9/testcases/web/agent_web.robot">
<test id="s1-t1" name="Agent create quotation and send to user via email">
<kw name="Run Keywords" library="BuiltIn" type="SETUP">
<arg>Open agent browser</arg>
<doc>Executes all the given keywords in a sequence.</doc>
<kw name="Open agent browser" library="keywords_agent_web">
<kw name="Open Browser" library="SeleniumLibrary">
<arg>${pay9-agent-dev}</arg>
<arg>chrome</arg>
<doc>Opens a new browser instance to the optional ``url``.</doc>
<msg timestamp="20211019 18:31:20.664" level="INFO">Opening browser 'chrome' to base url 'https://agent-dev.pay9.co'.</msg>
<status status="PASS" starttime="20211019 18:31:20.664" endtime="20211019 18:31:24.942"/>
</kw>
<status status="PASS" starttime="20211019 18:31:20.664" endtime="20211019 18:31:24.943"/>
</kw>
<status status="PASS" starttime="20211019 18:31:20.663" endtime="20211019 18:31:24.944"/>
</kw>
<kw name="Set Selenium Speed" library="SeleniumLibrary">
<arg>0.5</arg>
<doc>Sets the delay that is waited after each Selenium command.</doc>
<status status="PASS" starttime="20211019 18:31:24.945" endtime="20211019 18:31:24.947"/>
</kw>
<kw name="Minimize browser to mobile size" library="keywords_agent_web">
<kw name="Set Window Size" library="SeleniumLibrary">
<arg>${375}</arg>
<arg>${812}</arg>
<doc>Sets current windows size to given ``width`` and ``height``.</doc>
<status status="PASS" starttime="20211019 18:31:24.948" endtime="20211019 18:31:25.631"/>
</kw>
<status status="PASS" starttime="20211019 18:31:24.947" endtime="20211019 18:31:25.631"/>
</kw>
<kw name="Login with mobile_no" library="keywords_agent_web">
<kw name="Wait Until Element Is Visible" library="SeleniumLibrary">
<arg>${txt-mobile_no}</arg>
<doc>Waits until the element ``locator`` is visible.</doc>
<status status="PASS" starttime="20211019 18:31:25.632" endtime="20211019 18:31:26.666"/>
</kw>
<kw name="Press Keys" library="SeleniumLibrary">
<arg>${txt-mobile_no}</arg>
<arg>${agent-mobile_no}</arg>
<doc>Simulates the user pressing key(s) to an element or on the active browser.</doc>
<msg timestamp="20211019 18:31:26.668" level="INFO">Sending key(s) ('0811000001',) to //*[@class="card"]/div/div/div/input element.</msg>
<msg timestamp="20211019 18:31:28.009" level="INFO">Sending keys 0811000001</msg>
<status status="PASS" starttime="20211019 18:31:26.667" endtime="20211019 18:31:28.571"/>
</kw>
<kw name="Click Element" library="SeleniumLibrary">
<arg>${btn-login}</arg>
<doc>Click the element identified by ``locator``.</doc>
<msg timestamp="20211019 18:31:28.572" level="INFO">Clicking element '//*[@class="card"]/div/div/div/button'.</msg>
<status status="PASS" starttime="20211019 18:31:28.571" endtime="20211019 18:31:29.626"/>
</kw>
<kw name="Press Keys" library="SeleniumLibrary">
<arg>${txt-otp}</arg>
<arg>${otp-mock}</arg>
<doc>Simulates the user pressing key(s) to an element or on the active browser.</doc>
<msg timestamp="20211019 18:31:29.627" level="INFO">Sending key(s) ('1111',) to //*[@class="card"]/div/div/div/input element.</msg>
<msg timestamp="20211019 18:31:30.915" level="INFO">Sending keys 1111</msg>
<status status="PASS" starttime="20211019 18:31:29.626" endtime="20211019 18:31:31.432"/>
</kw>
<kw name="Click Element" library="SeleniumLibrary">
<arg>${btn-submit-otp}</arg>
<doc>Click the element identified by ``locator``.</doc>
<msg timestamp="20211019 18:31:31.433" level="INFO">Clicking element '//*[@class="card"]/div/div/div/button'.</msg>
<status status="PASS" starttime="20211019 18:31:31.433" endtime="20211019 18:31:32.503"/>
</kw>
<status status="PASS" starttime="20211019 18:31:25.632" endtime="20211019 18:31:32.503"/>
</kw>
<kw name="Select 1st shop" library="keywords_agent_web">
<kw name="Wait Until Element Is Visible" library="SeleniumLibrary">
<arg>${select-1st-shop}</arg>
<doc>Waits until the element ``locator`` is visible.</doc>
<status status="PASS" starttime="20211019 18:31:32.504" endtime="20211019 18:31:34.349"/>
</kw>
<kw name="Element Should Be Visible" library="SeleniumLibrary">
<arg>${select-1st-shop}</arg>
<doc>Verifies that the element identified by ``locator`` is visible.</doc>
<msg timestamp="20211019 18:31:35.374" level="INFO">Element '//*[@class="card position-relative"]/img[2]' is displayed.</msg>
<status status="PASS" starttime="20211019 18:31:34.349" endtime="20211019 18:31:35.374"/>
</kw>
<kw name="Click Element" library="SeleniumLibrary">
<arg>${select-1st-shop}</arg>
<doc>Click the element identified by ``locator``.</doc>
<msg timestamp="20211019 18:31:35.375" level="INFO">Clicking element '//*[@class="card position-relative"]/img[2]'.</msg>
<status status="PASS" starttime="20211019 18:31:35.374" endtime="20211019 18:31:36.418"/>
</kw>
<kw name="Wait Until Element Is Visible" library="SeleniumLibrary">
<arg>${lbl-recommended}</arg>
<doc>Waits until the element ``locator`` is visible.</doc>
<status status="PASS" starttime="20211019 18:31:36.418" endtime="20211019 18:31:37.445"/>
</kw>
<kw name="Get Text" library="SeleniumLibrary">
<var>${result}</var>
<arg>${lbl-recommended}</arg>
<doc>Returns the text value of the element identified by ``locator``.</doc>
<msg timestamp="20211019 18:31:38.477" level="INFO">${result} = สินค้าแนะนำ</msg>
<status status="PASS" starttime="20211019 18:31:37.445" endtime="20211019 18:31:38.477"/>
</kw>
<kw name="Should Be Equal" library="BuiltIn">
<arg>${result}</arg>
<arg>สินค้าแนะนำ</arg>
<doc>Fails if the given objects are unequal.</doc>
<status status="PASS" starttime="20211019 18:31:38.478" endtime="20211019 18:31:38.479"/>
</kw>
<status status="PASS" starttime="20211019 18:31:32.504" endtime="20211019 18:31:38.479"/>
</kw>
<kw name="Add product to cart" library="keywords_agent_web">
<kw name="Scroll Element Into View" library="SeleniumLibrary">
<arg>${product-1}</arg>
<doc>Scrolls the element identified by ``locator`` into view.</doc>
<status status="PASS" starttime="20211019 18:31:38.480" endtime="20211019 18:31:39.765"/>
</kw>
<kw name="Wait Until Element Is Visible" library="SeleniumLibrary">
<arg>${product-1}</arg>
<doc>Waits until the element ``locator`` is visible.</doc>
<status status="PASS" starttime="20211019 18:31:39.766" endtime="20211019 18:31:40.789"/>
</kw>
<kw name="Click Element" library="SeleniumLibrary">
<arg>${product-1}</arg>
<doc>Click the element identified by ``locator``.</doc>
<msg timestamp="20211019 18:31:40.790" level="INFO">Clicking element '//*[@class="table-responsive"]/table/tr/td[1]/div/div'.</msg>
<status status="PASS" starttime="20211019 18:31:40.789" endtime="20211019 18:31:41.840"/>
</kw>
<kw name="Wait Until Element Is Visible" library="SeleniumLibrary">
<arg>${add-to-cart}</arg>
<doc>Waits until the element ``locator`` is visible.</doc>
<status status="PASS" starttime="20211019 18:31:41.841" endtime="20211019 18:31:42.868"/>
</kw>
<kw name="Click on add to cart button" library="keywords_agent_web">
<kw name="Click Element" library="SeleniumLibrary">
<arg>${add-to-cart}</arg>
<doc>Click the element identified by ``locator``.</doc>
<msg timestamp="20211019 18:31:42.870" level="INFO">Clicking element '//*[@class='container-fluid d-flex align-items-center']/div[2]/button'.</msg>
<status status="PASS" starttime="20211019 18:31:42.869" endtime="20211019 18:31:43.916"/>
</kw>
<kw name="Verify badge icon is visible after add to cart" library="keywords_agent_web">
<kw name="Wait Until Element Is Visible" library="SeleniumLibrary">
<arg>${badge-icon}</arg>
<doc>Waits until the element ``locator`` is visible.</doc>
<status status="PASS" starttime="20211019 18:31:43.918" endtime="20211019 18:31:44.946"/>
</kw>
<status status="PASS" starttime="20211019 18:31:43.917" endtime="20211019 18:31:44.946"/>
</kw>
<status status="PASS" starttime="20211019 18:31:42.868" endtime="20211019 18:31:44.946"/>
</kw>
<status status="PASS" starttime="20211019 18:31:38.479" endtime="20211019 18:31:44.947"/>
</kw>
<kw name="Sleep" library="BuiltIn">
<arg>3s</arg>
<doc>Pauses the test executed for the given time.</doc>
<msg timestamp="20211019 18:31:47.950" level="INFO">Slept 3 seconds</msg>
<status status="PASS" starttime="20211019 18:31:44.947" endtime="20211019 18:31:47.951"/>
</kw>
<kw name="Click cart icon" library="keywords_agent_web">
<kw name="Click Element" library="SeleniumLibrary">
<arg>${cart-icon}</arg>
<doc>Click the element identified by ``locator``.</doc>
<msg timestamp="20211019 18:31:47.952" level="INFO">Clicking element '//*[@class="container-fluid row pt-0 pr-0 pl-0"]/div[3]/div/div[1]'.</msg>
<status status="PASS" starttime="20211019 18:31:47.952" endtime="20211019 18:31:48.995"/>
</kw>
<status status="PASS" starttime="20211019 18:31:47.951" endtime="20211019 18:31:48.996"/>
</kw>
<kw name="Select merchant" library="keywords_agent_web">
<kw name="Wait Until Element Is Visible" library="SeleniumLibrary">
<arg>${checkbox-merchant}</arg>
<doc>Waits until the element ``locator`` is visible.</doc>
<status status="PASS" starttime="20211019 18:31:48.997" endtime="20211019 18:31:50.029"/>
</kw>
<kw name="Click Element" library="SeleniumLibrary">
<arg>${checkbox-merchant}</arg>
<doc>Click the element identified by ``locator``.</doc>
<msg timestamp="20211019 18:31:50.030" level="INFO">Clicking element '//*[@class="text-left mt-1 p-1"]/div/div/div[1]/div/label'.</msg>
<status status="PASS" starttime="20211019 18:31:50.030" endtime="20211019 18:31:51.073"/>
</kw>
<status status="PASS" starttime="20211019 18:31:48.996" endtime="20211019 18:31:51.074"/>
</kw>
<kw name="Add product qty on quotation page" library="keywords_agent_web">
<kw name="Click Element" library="SeleniumLibrary">
<arg>${add-qty}</arg>
<doc>Click the element identified by ``locator``.</doc>
<msg timestamp="20211019 18:31:51.075" level="INFO">Clicking element '//*[@class="container-fluid mt-2 mb-2"]/div[2]/div[2]/img[2]'.</msg>
<status status="PASS" starttime="20211019 18:31:51.075" endtime="20211019 18:31:52.122"/>
</kw>
<status status="PASS" starttime="20211019 18:31:51.074" endtime="20211019 18:31:52.123"/>
</kw>
<kw name="Click create quotation button" library="keywords_agent_web">
<kw name="Click Element" library="SeleniumLibrary">
<arg>${btn-create-quo}</arg>
<doc>Click the element identified by ``locator``.</doc>
<msg timestamp="20211019 18:31:52.124" level="INFO">Clicking element '//*[@class="sum-block"]//button'.</msg>
<status status="PASS" starttime="20211019 18:31:52.124" endtime="20211019 18:31:53.171"/>
</kw>
<kw name="Wait Until Element Is Visible" library="SeleniumLibrary">
<arg>${select-customer}</arg>
<doc>Waits until the element ``locator`` is visible.</doc>
<status status="PASS" starttime="20211019 18:31:53.172" endtime="20211019 18:31:54.914"/>
</kw>
<status status="PASS" starttime="20211019 18:31:52.123" endtime="20211019 18:31:54.915"/>
</kw>
<kw name="Select customer" library="keywords_agent_web">
<kw name="Click Element" library="SeleniumLibrary">
<arg>${select-customer}</arg>
<doc>Click the element identified by ``locator``.</doc>
<msg timestamp="20211019 18:31:54.916" level="INFO">Clicking element '//*[@class="cardpage mb-1"]/div/div/div[2]'.</msg>
<status status="PASS" starttime="20211019 18:31:54.916" endtime="20211019 18:31:55.955"/>
</kw>
<status status="PASS" starttime="20211019 18:31:54.915" endtime="20211019 18:31:55.956"/>
</kw>
<kw name="Sleep" library="BuiltIn">
<arg>5s</arg>
<doc>Pauses the test executed for the given time.</doc>
<msg timestamp="20211019 18:32:00.957" level="INFO">Slept 5 seconds</msg>
<status status="PASS" starttime="20211019 18:31:55.956" endtime="20211019 18:32:00.957"/>
</kw>
<kw name="Click save quotation" library="keywords_agent_web">
<kw name="Scroll Element Into View" library="SeleniumLibrary">
<arg>${cancel-quotation}</arg>
<doc>Scrolls the element identified by ``locator`` into view.</doc>
<status status="PASS" starttime="20211019 18:32:00.958" endtime="20211019 18:32:02.256"/>
</kw>
<kw name="Wait Until Element Is Visible" library="SeleniumLibrary">
<arg>${save-quotation}</arg>
<doc>Waits until the element ``locator`` is visible.</doc>
<status status="PASS" starttime="20211019 18:32:02.257" endtime="20211019 18:32:03.285"/>
</kw>
<kw name="Click Element" library="SeleniumLibrary">
<arg>${save-quotation}</arg>
<doc>Click the element identified by ``locator``.</doc>
<msg timestamp="20211019 18:32:03.286" level="INFO">Clicking element '//*[@class="w-100 mt-2"]/div/div/div[1]'.</msg>
<status status="PASS" starttime="20211019 18:32:03.285" endtime="20211019 18:32:04.332"/>
</kw>
<kw name="Sleep" library="BuiltIn">
<arg>3s</arg>
<doc>Pauses the test executed for the given time.</doc>
<msg timestamp="20211019 18:32:07.334" level="INFO">Slept 3 seconds</msg>
<status status="PASS" starttime="20211019 18:32:04.333" endtime="20211019 18:32:07.334"/>
</kw>
<status status="PASS" starttime="20211019 18:32:00.957" endtime="20211019 18:32:07.335"/>
</kw>
<kw name="Click quotation menu" library="keywords_agent_web">
<kw name="Click Element" library="SeleniumLibrary">
<arg>${icon-quotation}</arg>
<doc>Click the element identified by ``locator``.</doc>
<msg timestamp="20211019 18:32:07.336" level="INFO">Clicking element '//*[@class="nav justify-content-center shadow-lg"]/li[2]/div'.</msg>
<status status="PASS" starttime="20211019 18:32:07.336" endtime="20211019 18:32:08.384"/>
</kw>
<status status="PASS" starttime="20211019 18:32:07.335" endtime="20211019 18:32:08.385"/>
</kw>
<kw name="Select 1st quotation" library="keywords_agent_web">
<kw name="Wait Until Element Is Visible" library="SeleniumLibrary">
<arg>${recent-quotation}</arg>
<doc>Waits until the element ``locator`` is visible.</doc>
<status status="PASS" starttime="20211019 18:32:08.388" endtime="20211019 18:32:09.443"/>
</kw>
<kw name="Click Element" library="SeleniumLibrary">
<arg>${recent-quotation}</arg>
<doc>Click the element identified by ``locator``.</doc>
<msg timestamp="20211019 18:32:09.444" level="INFO">Clicking element '//*[@class="container"]/span/div/div[1]/div[2]/div[1]/div/div[2]/div[1]'.</msg>
<status status="PASS" starttime="20211019 18:32:09.444" endtime="20211019 18:32:10.499"/>
</kw>
<status status="PASS" starttime="20211019 18:32:08.386" endtime="20211019 18:32:10.499"/>
</kw>
<kw name="Click send email button" library="keywords_agent_web">
<kw name="Click Element" library="SeleniumLibrary">
<arg>${btn-send-email}</arg>
<doc>Click the element identified by ``locator``.</doc>
<msg timestamp="20211019 18:32:10.501" level="INFO">Clicking element '//*[@class="row mb-2 mt-2"]/div[2]'.</msg>
<status status="PASS" starttime="20211019 18:32:10.500" endtime="20211019 18:32:11.542"/>
</kw>
<kw name="Wait Until Element Is Visible" library="SeleniumLibrary">
<arg>${lbl-send-email}</arg>
<doc>Waits until the element ``locator`` is visible.</doc>
<status status="PASS" starttime="20211019 18:32:11.543" endtime="20211019 18:32:12.574"/>
</kw>
<kw name="Click Element" library="SeleniumLibrary">
<arg>${modal-send-email-btn}</arg>
<doc>Click the element identified by ``locator``.</doc>
<msg timestamp="20211019 18:32:12.576" level="INFO">Clicking element '//*[@id="SendEmailModal"]//button[2]'.</msg>
<status status="PASS" starttime="20211019 18:32:12.575" endtime="20211019 18:32:13.622"/>
</kw>
<kw name="Sleep" library="BuiltIn">
<arg>3s</arg>
<doc>Pauses the test executed for the given time.</doc>
<msg timestamp="20211019 18:32:16.624" level="INFO">Slept 3 seconds</msg>
<status status="PASS" starttime="20211019 18:32:13.623" endtime="20211019 18:32:16.624"/>
</kw>
<status status="PASS" starttime="20211019 18:32:10.500" endtime="20211019 18:32:16.624"/>
</kw>
<kw name="Click quotation menu" library="keywords_agent_web">
<kw name="Click Element" library="SeleniumLibrary">
<arg>${icon-quotation}</arg>
<doc>Click the element identified by ``locator``.</doc>
<msg timestamp="20211019 18:32:16.626" level="INFO">Clicking element '//*[@class="nav justify-content-center shadow-lg"]/li[2]/div'.</msg>
<status status="PASS" starttime="20211019 18:32:16.625" endtime="20211019 18:32:18.456"/>
</kw>
<status status="PASS" starttime="20211019 18:32:16.625" endtime="20211019 18:32:18.457"/>
</kw>
<kw name="Verify quotation status after sent an email" library="keywords_agent_web">
<kw name="Verify quotation status" library="keywords_agent_web">
<arg>รอพิจารณา</arg>
<kw name="Get Text" library="SeleniumLibrary">
<var>${current-status}</var>
<arg>${quotation-status}</arg>
<doc>Returns the text value of the element identified by ``locator``.</doc>
<msg timestamp="20211019 18:32:19.493" level="INFO">${current-status} = รอพิจารณา</msg>
<status status="PASS" starttime="20211019 18:32:18.458" endtime="20211019 18:32:19.493"/>
</kw>
<kw name="Should Be Equal" library="BuiltIn">
<arg>${current-status}</arg>
<arg>${status}</arg>
<doc>Fails if the given objects are unequal.</doc>
<status status="PASS" starttime="20211019 18:32:19.493" endtime="20211019 18:32:19.494"/>
</kw>
<status status="PASS" starttime="20211019 18:32:18.458" endtime="20211019 18:32:19.494"/>
</kw>
<status status="PASS" starttime="20211019 18:32:18.457" endtime="20211019 18:32:19.494"/>
</kw>
<kw name="Run Keywords" library="BuiltIn" type="TEARDOWN">
<arg>SeleniumLibrary.Close Browser</arg>
<doc>Executes all the given keywords in a sequence.</doc>
<kw name="Close Browser" library="SeleniumLibrary">
<doc>Closes the current browser.</doc>
<status status="PASS" starttime="20211019 18:32:19.495" endtime="20211019 18:32:20.065"/>
</kw>
<status status="PASS" starttime="20211019 18:32:19.495" endtime="20211019 18:32:20.066"/>
</kw>
<tag>quotation</tag>
<status status="PASS" starttime="20211019 18:31:20.662" endtime="20211019 18:32:20.066"/>
</test>
<status status="PASS" starttime="20211019 18:31:20.000" endtime="20211019 18:32:20.069"/>
</suite>
<statistics>
<total>
<stat pass="1" fail="0" skip="0">All Tests</stat>
</total>
<tag>
<stat pass="1" fail="0" skip="0">quotation</stat>
</tag>
<suite>
<stat pass="1" fail="0" skip="0" id="s1" name="Agent Web">Agent Web</stat>
</suite>
</statistics>
<errors>
<msg timestamp="20211019 18:31:20.342" level="ERROR">Error in file '/Users/nathakrit/Documents/pay9/common.robot' on line 4: Importing library 'HttpLibrary.HTTP' failed: Module 'HttpLibrary' does not contain 'HTTP'.</msg>
<msg timestamp="20211019 18:31:20.652" level="ERROR">Error in file '/Users/nathakrit/Documents/pay9/keywords/web/keywords_agent_web.robot' on line 3: Importing library 'ExtendedSelenium2Library' failed: ModuleNotFoundError: No module named 'ExtendedSelenium2Library'
Traceback (most recent call last):
  None
PYTHONPATH:
  /Users/nathakrit/Documents/pay9/testcases/web
  /Library/Frameworks/Python.framework/Versions/3.9/lib/python39.zip
  /Library/Frameworks/Python.framework/Versions/3.9/lib/python3.9
  /Library/Frameworks/Python.framework/Versions/3.9/lib/python3.9/lib-dynload
  /Users/nathakrit/Documents/pay9/env/lib/python3.9/site-packages</msg>
<msg timestamp="20211019 18:31:20.660" level="ERROR">Error in file '/Users/nathakrit/Documents/pay9/resources/variables/web_import.robot' on line 2: Importing library 'Selenium2Library' failed: ModuleNotFoundError: No module named 'Selenium2Library'
Traceback (most recent call last):
  None
PYTHONPATH:
  /Users/nathakrit/Documents/pay9/testcases/web
  /Library/Frameworks/Python.framework/Versions/3.9/lib/python39.zip
  /Library/Frameworks/Python.framework/Versions/3.9/lib/python3.9
  /Library/Frameworks/Python.framework/Versions/3.9/lib/python3.9/lib-dynload
  /Users/nathakrit/Documents/pay9/env/lib/python3.9/site-packages</msg>
<msg timestamp="20211019 18:31:20.661" level="ERROR">Error in file '/Users/nathakrit/Documents/pay9/common.robot' on line 18: Resource file '/Users/nathakrit/Documents/pay9/resources/variables/test_configs.yaml' does not exist.</msg>
</errors>
</robot>
