<?xml version="1.0" encoding="UTF-8"?>
<robot generator="Robot 4.0 (Python 3.9.0 on darwin)" generated="20210331 22:31:39.241" rpa="false" schemaversion="2">
<suite id="s1" name="Merchant Web" source="/Users/nathakrit/Documents/pay9/testcases/web/merchant_web.robot">
<test id="s1-t1" name="Merchant Create shop">
<kw name="Open merchant browser" library="keywords_merchant">
<kw name="Open Browser" library="SeleniumLibrary">
<arg>${url_merchant_uat}</arg>
<arg>chrome</arg>
<doc>Opens a new browser instance to the optional ``url``.</doc>
<msg timestamp="20210331 22:31:40.310" level="INFO">Opening browser 'chrome' to base url 'https://merchant-uat.pay9.co/merchant/7f2036e6-1420-4282-9ff7-c6a4accb0498/category'.</msg>
<status status="PASS" starttime="20210331 22:31:40.310" endtime="20210331 22:31:43.633"/>
</kw>
<kw name="Maximize Browser Window" library="SeleniumLibrary">
<doc>Maximizes current browser window.</doc>
<status status="PASS" starttime="20210331 22:31:43.633" endtime="20210331 22:31:43.972"/>
</kw>
<kw name="Set Selenium Speed" library="SeleniumLibrary">
<arg>0.5</arg>
<doc>Sets the delay that is waited after each Selenium command.</doc>
<status status="PASS" starttime="20210331 22:31:43.972" endtime="20210331 22:31:43.974"/>
</kw>
<status status="PASS" starttime="20210331 22:31:40.310" endtime="20210331 22:31:43.976"/>
</kw>
<kw name="Merchant create category" library="keywords_merchant">
<kw name="Click Element" library="SeleniumLibrary">
<arg>${create_cat_btn}</arg>
<doc>Click the element identified by ``locator``.</doc>
<msg timestamp="20210331 22:31:43.979" level="INFO">Clicking element '//*[@class="d-flex"]/button[2]'.</msg>
<status status="PASS" starttime="20210331 22:31:43.978" endtime="20210331 22:31:45.094"/>
</kw>
<kw name="Press Keys" library="SeleniumLibrary">
<arg>${txt_cat_name}</arg>
<arg>Test category_1</arg>
<doc>Simulates the user pressing key(s) to an element or on the active browser.</doc>
<msg timestamp="20210331 22:31:45.094" level="INFO">Sending key(s) ('Test category_1',) to //*[@class="v-card v-sheet theme--light"]/div[2]/div/span/div/div/span/div/div/div/div/input element.</msg>
<msg timestamp="20210331 22:31:46.371" level="INFO">Sending keys Test category_1</msg>
<status status="PASS" starttime="20210331 22:31:45.094" endtime="20210331 22:31:47.000"/>
</kw>
<kw name="Press Keys" library="SeleniumLibrary">
<arg>${txt_cat_name}</arg>
<arg>RETURN</arg>
<doc>Simulates the user pressing key(s) to an element or on the active browser.</doc>
<msg timestamp="20210331 22:31:47.001" level="INFO">Sending key(s) ('RETURN',) to //*[@class="v-card v-sheet theme--light"]/div[2]/div/span/div/div/span/div/div/div/div/input element.</msg>
<msg timestamp="20210331 22:31:48.281" level="INFO">Pressing special key RETURN to element.</msg>
<msg timestamp="20210331 22:31:48.282" level="INFO">Releasing special key RETURN.</msg>
<status status="PASS" starttime="20210331 22:31:47.001" endtime="20210331 22:31:48.835"/>
</kw>
<kw name="Click Element" library="SeleniumLibrary">
<arg>${save_cat_btn}</arg>
<doc>Click the element identified by ``locator``.</doc>
<msg timestamp="20210331 22:31:48.836" level="INFO">Clicking element '//*[@class="d-flex"]/button[1]'.</msg>
<status status="PASS" starttime="20210331 22:31:48.835" endtime="20210331 22:31:49.882"/>
</kw>
<kw name="Element Text Should Be" library="SeleniumLibrary">
<arg>${xpath_cat_list1}</arg>
<arg>Test category_1</arg>
<doc>Verifies that element ``locator`` contains exact the text ``expected``.</doc>
<msg timestamp="20210331 22:31:49.882" level="INFO">Verifying element '//*[@class="px-10 py-10"]/div/div/div/div[1]' contains exact text 'Test category_1'.</msg>
<status status="PASS" starttime="20210331 22:31:49.882" endtime="20210331 22:31:50.911"/>
</kw>
<status status="PASS" starttime="20210331 22:31:43.977" endtime="20210331 22:31:50.911"/>
</kw>
<tag>merchant</tag>
<status status="PASS" starttime="20210331 22:31:40.309" endtime="20210331 22:31:50.912"/>
</test>
<status status="PASS" starttime="20210331 22:31:39.245" endtime="20210331 22:31:50.915"/>
</suite>
<statistics>
<total>
<stat pass="1" fail="0" skip="0">All Tests</stat>
</total>
<tag>
<stat pass="1" fail="0" skip="0">merchant</stat>
</tag>
<suite>
<stat pass="1" fail="0" skip="0" id="s1" name="Merchant Web">Merchant Web</stat>
</suite>
</statistics>
<errors>
<msg timestamp="20210331 22:31:39.806" level="ERROR">Error in file '/Users/nathakrit/Documents/pay9/common.robot' on line 4: Importing library 'HttpLibrary.HTTP' failed: Module 'HttpLibrary' does not contain 'HTTP'.</msg>
</errors>
</robot>
