<?xml version="1.0" encoding="UTF-8"?>
<robot generator="Robot 4.0 (Python 3.9.0 on darwin)" generated="20210904 14:51:57.061" rpa="false" schemaversion="2">
<suite id="s1" name="Merchant Api" source="/Users/nathakrit/Documents/pay9/testcases/api/merchant_api.robot">
<test id="s1-t1" name="Merchant get category list">
<kw name="Get token via mobile no" library="authen">
<var>${token}</var>
<arg>${merchant-mobile_no}</arg>
<kw name="Request otp" library="authen">
<var>${otp}</var>
<arg>${mobile_no}</arg>
<kw name="Create Dictionary" library="BuiltIn">
<var>&amp;{header}</var>
<arg>Accept=application/json</arg>
<arg>Content-Type=application/json</arg>
<doc>Creates and returns a dictionary based on the given ``items``.</doc>
<msg timestamp="20210904 14:51:57.554" level="INFO">&amp;{header} = { Accept=application/json | Content-Type=application/json }</msg>
<status status="PASS" starttime="20210904 14:51:57.553" endtime="20210904 14:51:57.554"/>
</kw>
<kw name="Create Dictionary" library="BuiltIn">
<var>&amp;{body}</var>
<arg>fcm_instance_id=-</arg>
<arg>phone_number=${mobile_no}</arg>
<doc>Creates and returns a dictionary based on the given ``items``.</doc>
<msg timestamp="20210904 14:51:57.554" level="INFO">&amp;{body} = { fcm_instance_id=- | phone_number=+66900000001 }</msg>
<status status="PASS" starttime="20210904 14:51:57.554" endtime="20210904 14:51:57.555"/>
</kw>
<kw name="Set Variable" library="BuiltIn">
<var>${end_point}</var>
<arg>${uat-url}/api/auth/v1/otp/request</arg>
<doc>Returns the given values which can then be assigned to a variables.</doc>
<msg timestamp="20210904 14:51:57.555" level="INFO">${end_point} = https://uat.pay9.co/api/auth/v1/otp/request</msg>
<status status="PASS" starttime="20210904 14:51:57.555" endtime="20210904 14:51:57.555"/>
</kw>
<kw name="Post" library="REST">
<var>${response}</var>
<arg>endpoint=${end_point}</arg>
<arg>headers=&amp;{header}</arg>
<arg>body=&amp;{body}</arg>
<tag>http</tag>
<doc>*Sends a POST request to the endpoint.*</doc>
<msg timestamp="20210904 14:51:57.761" level="INFO">${response} = {'seconds': 0.165099, 'status': 200, 'body': {'status': True, 'message': 'success', 'test_number': True, 'otp': '8466'}, 'headers': {'Date': 'Sat, 04 Sep 2021 07:51:57 GMT', 'Content-Type': 'applicati...</msg>
<status status="PASS" starttime="20210904 14:51:57.555" endtime="20210904 14:51:57.761"/>
</kw>
<kw name="Integer" library="REST">
<arg>response status</arg>
<arg>200</arg>
<tag>assertions</tag>
<doc>*Asserts the field as JSON integer.*</doc>
<status status="PASS" starttime="20210904 14:51:57.761" endtime="20210904 14:51:57.762"/>
</kw>
<kw name="Output" library="REST">
<var>${response}</var>
<arg>response body</arg>
<tag>I/O</tag>
<doc>*Outputs JSON to terminal or a file.*</doc>
<msg timestamp="20210904 14:51:57.762" level="INFO">
{
    "status": true,
    "message": "success",
    "test_number": true,
    "otp": "8466"
}</msg>
<msg timestamp="20210904 14:51:57.768" level="INFO">${response} = {'status': True, 'message': 'success', 'test_number': True, 'otp': '8466'}</msg>
<status status="PASS" starttime="20210904 14:51:57.762" endtime="20210904 14:51:57.768"/>
</kw>
<kw name="Get Value From Json" library="JSONLibrary">
<var>${otp}</var>
<arg>${response}</arg>
<arg>$..otp</arg>
<doc>Get Value From JSON using JSONPath</doc>
<msg timestamp="20210904 14:51:57.794" level="INFO">${otp} = ['8466']</msg>
<status status="PASS" starttime="20210904 14:51:57.768" endtime="20210904 14:51:57.794"/>
</kw>
<msg timestamp="20210904 14:51:57.795" level="INFO">${otp} = 8466</msg>
<status status="PASS" starttime="20210904 14:51:57.553" endtime="20210904 14:51:57.795"/>
</kw>
<kw name="Validate otp and get token" library="authen">
<var>${token}</var>
<arg>${mobile_no}</arg>
<arg>${otp}</arg>
<kw name="Create Dictionary" library="BuiltIn">
<var>&amp;{header}</var>
<arg>Accept=application/json</arg>
<arg>Content-Type=application/json</arg>
<doc>Creates and returns a dictionary based on the given ``items``.</doc>
<msg timestamp="20210904 14:51:57.796" level="INFO">&amp;{header} = { Accept=application/json | Content-Type=application/json }</msg>
<status status="PASS" starttime="20210904 14:51:57.795" endtime="20210904 14:51:57.796"/>
</kw>
<kw name="Create Dictionary" library="BuiltIn">
<var>&amp;{body}</var>
<arg>passcode=${otp}</arg>
<arg>phone_number=${mobile_no}</arg>
<doc>Creates and returns a dictionary based on the given ``items``.</doc>
<msg timestamp="20210904 14:51:57.796" level="INFO">&amp;{body} = { passcode=8466 | phone_number=+66900000001 }</msg>
<status status="PASS" starttime="20210904 14:51:57.796" endtime="20210904 14:51:57.796"/>
</kw>
<kw name="Set Variable" library="BuiltIn">
<var>${end_point}</var>
<arg>${uat-url}/api/auth/v1/otp/validate</arg>
<doc>Returns the given values which can then be assigned to a variables.</doc>
<msg timestamp="20210904 14:51:57.796" level="INFO">${end_point} = https://uat.pay9.co/api/auth/v1/otp/validate</msg>
<status status="PASS" starttime="20210904 14:51:57.796" endtime="20210904 14:51:57.797"/>
</kw>
<kw name="Post" library="REST">
<var>${response}</var>
<arg>endpoint=${end_point}</arg>
<arg>headers=&amp;{header}</arg>
<arg>body=&amp;{body}</arg>
<tag>http</tag>
<doc>*Sends a POST request to the endpoint.*</doc>
<msg timestamp="20210904 14:51:57.936" level="INFO">${response} = {'seconds': 0.134774, 'status': 200, 'body': {'status': True, 'message': 'success', 'access_token': 'd742012e59e0442088c73d20475811ca', 'expires_at': 1630742217, 'expires_in': 300, 'refresh_token': '3...</msg>
<status status="PASS" starttime="20210904 14:51:57.797" endtime="20210904 14:51:57.936"/>
</kw>
<kw name="Integer" library="REST">
<arg>response status</arg>
<arg>200</arg>
<tag>assertions</tag>
<doc>*Asserts the field as JSON integer.*</doc>
<status status="PASS" starttime="20210904 14:51:57.936" endtime="20210904 14:51:57.936"/>
</kw>
<kw name="Output" library="REST">
<var>${response}</var>
<arg>response body</arg>
<tag>I/O</tag>
<doc>*Outputs JSON to terminal or a file.*</doc>
<msg timestamp="20210904 14:51:57.937" level="INFO">
{
    "status": true,
    "message": "success",
    "access_token": "d742012e59e0442088c73d20475811ca",
    "expires_at": 1630742217,
    "expires_in": 300,
    "refresh_token": "3837bccc852f46feb21bbdafef772d34"
}</msg>
<msg timestamp="20210904 14:51:57.937" level="INFO">${response} = {'status': True, 'message': 'success', 'access_token': 'd742012e59e0442088c73d20475811ca', 'expires_at': 1630742217, 'expires_in': 300, 'refresh_token': '3837bccc852f46feb21bbdafef772d34'}</msg>
<status status="PASS" starttime="20210904 14:51:57.937" endtime="20210904 14:51:57.937"/>
</kw>
<kw name="Get Value From Json" library="JSONLibrary">
<var>${token}</var>
<arg>${response}</arg>
<arg>$..access_token</arg>
<doc>Get Value From JSON using JSONPath</doc>
<msg timestamp="20210904 14:51:57.960" level="INFO">${token} = ['d742012e59e0442088c73d20475811ca']</msg>
<status status="PASS" starttime="20210904 14:51:57.937" endtime="20210904 14:51:57.960"/>
</kw>
<msg timestamp="20210904 14:51:57.961" level="INFO">${token} = d742012e59e0442088c73d20475811ca</msg>
<status status="PASS" starttime="20210904 14:51:57.795" endtime="20210904 14:51:57.961"/>
</kw>
<msg timestamp="20210904 14:51:57.961" level="INFO">${token} = d742012e59e0442088c73d20475811ca</msg>
<status status="PASS" starttime="20210904 14:51:57.552" endtime="20210904 14:51:57.961"/>
</kw>
<kw name="Get category list" library="merchant_keyword">
<var>${cat_name}</var>
<arg>${token}</arg>
<kw name="Create Dictionary" library="BuiltIn">
<var>&amp;{header}</var>
<arg>Accept=application/json</arg>
<arg>Content-Type=application/json</arg>
<arg>X-Access-Token=${token}</arg>
<doc>Creates and returns a dictionary based on the given ``items``.</doc>
<msg timestamp="20210904 14:51:57.962" level="INFO">&amp;{header} = { Accept=application/json | Content-Type=application/json | X-Access-Token=d742012e59e0442088c73d20475811ca }</msg>
<status status="PASS" starttime="20210904 14:51:57.962" endtime="20210904 14:51:57.962"/>
</kw>
<kw name="Create Dictionary" library="BuiltIn">
<var>&amp;{body}</var>
<arg>merchant_id=${merchant_id}</arg>
<doc>Creates and returns a dictionary based on the given ``items``.</doc>
<msg timestamp="20210904 14:51:57.963" level="INFO">&amp;{body} = { merchant_id=7f2036e6-1420-4282-9ff7-c6a4accb0498 }</msg>
<status status="PASS" starttime="20210904 14:51:57.962" endtime="20210904 14:51:57.963"/>
</kw>
<kw name="Set Variable" library="BuiltIn">
<var>${end_point}</var>
<arg>${uat-url}/api/merchant/v2/category/list</arg>
<doc>Returns the given values which can then be assigned to a variables.</doc>
<msg timestamp="20210904 14:51:57.963" level="INFO">${end_point} = https://uat.pay9.co/api/merchant/v2/category/list</msg>
<status status="PASS" starttime="20210904 14:51:57.963" endtime="20210904 14:51:57.963"/>
</kw>
<kw name="Post" library="REST">
<var>${response}</var>
<arg>endpoint=${end_point}</arg>
<arg>headers=&amp;{header}</arg>
<arg>body=&amp;{body}</arg>
<tag>http</tag>
<doc>*Sends a POST request to the endpoint.*</doc>
<msg timestamp="20210904 14:51:58.233" level="INFO">${response} = {'seconds': 0.263575, 'status': 200, 'body': {'status': False, 'message': 'billing: merchant not found', 'categories': None}, 'headers': {'Date': 'Sat, 04 Sep 2021 07:51:58 GMT', 'Content-Type': 'appl...</msg>
<status status="PASS" starttime="20210904 14:51:57.963" endtime="20210904 14:51:58.233"/>
</kw>
<kw name="Integer" library="REST">
<arg>response status</arg>
<arg>200</arg>
<tag>assertions</tag>
<doc>*Asserts the field as JSON integer.*</doc>
<status status="PASS" starttime="20210904 14:51:58.233" endtime="20210904 14:51:58.233"/>
</kw>
<kw name="Output" library="REST">
<var>${response}</var>
<arg>response body</arg>
<tag>I/O</tag>
<doc>*Outputs JSON to terminal or a file.*</doc>
<msg timestamp="20210904 14:51:58.234" level="INFO">
{
    "status": false,
    "message": "billing: merchant not found",
    "categories": null
}</msg>
<msg timestamp="20210904 14:51:58.234" level="INFO">${response} = {'status': False, 'message': 'billing: merchant not found', 'categories': None}</msg>
<status status="PASS" starttime="20210904 14:51:58.234" endtime="20210904 14:51:58.234"/>
</kw>
<kw name="Get Value From Json" library="JSONLibrary">
<var>${cat_name}</var>
<arg>${response}</arg>
<arg>$..categories[*].name</arg>
<doc>Get Value From JSON using JSONPath</doc>
<msg timestamp="20210904 14:51:58.261" level="FAIL">TypeError: object of type 'NoneType' has no len()</msg>
<status status="FAIL" starttime="20210904 14:51:58.234" endtime="20210904 14:51:58.261"/>
</kw>
<status status="FAIL" starttime="20210904 14:51:57.961" endtime="20210904 14:51:58.261"/>
</kw>
<tag>category_list</tag>
<status status="FAIL" starttime="20210904 14:51:57.552" endtime="20210904 14:51:58.262">TypeError: object of type 'NoneType' has no len()</status>
</test>
<status status="FAIL" starttime="20210904 14:51:57.062" endtime="20210904 14:51:58.262"/>
</suite>
<statistics>
<total>
<stat pass="0" fail="1" skip="0">All Tests</stat>
</total>
<tag>
<stat pass="0" fail="1" skip="0">category_list</stat>
</tag>
<suite>
<stat pass="0" fail="1" skip="0" id="s1" name="Merchant Api">Merchant Api</stat>
</suite>
</statistics>
<errors>
<msg timestamp="20210904 14:51:57.321" level="ERROR">Error in file '/Users/nathakrit/Documents/pay9/common.robot' on line 4: Importing library 'HttpLibrary.HTTP' failed: Module 'HttpLibrary' does not contain 'HTTP'.</msg>
<msg timestamp="20210904 14:51:57.542" level="ERROR">Error in file '/Users/nathakrit/Documents/pay9/keywords/web/keywords_agent_web.robot' on line 3: Importing library 'ExtendedSelenium2Library' failed: ModuleNotFoundError: No module named 'ExtendedSelenium2Library'
Traceback (most recent call last):
  None
PYTHONPATH:
  /Users/nathakrit/Documents/pay9/testcases/api
  /Library/Frameworks/Python.framework/Versions/3.9/lib/python39.zip
  /Library/Frameworks/Python.framework/Versions/3.9/lib/python3.9
  /Library/Frameworks/Python.framework/Versions/3.9/lib/python3.9/lib-dynload
  /Users/nathakrit/Documents/pay9/env/lib/python3.9/site-packages</msg>
<msg timestamp="20210904 14:51:57.550" level="ERROR">Error in file '/Users/nathakrit/Documents/pay9/resources/variables/web_import.robot' on line 2: Importing library 'Selenium2Library' failed: ModuleNotFoundError: No module named 'Selenium2Library'
Traceback (most recent call last):
  None
PYTHONPATH:
  /Users/nathakrit/Documents/pay9/testcases/api
  /Library/Frameworks/Python.framework/Versions/3.9/lib/python39.zip
  /Library/Frameworks/Python.framework/Versions/3.9/lib/python3.9
  /Library/Frameworks/Python.framework/Versions/3.9/lib/python3.9/lib-dynload
  /Users/nathakrit/Documents/pay9/env/lib/python3.9/site-packages</msg>
</errors>
</robot>
