<?xml version="1.0" encoding="UTF-8"?>
<robot generator="Robot 4.0 (Python 3.9.0 on darwin)" generated="20210402 23:57:45.085" rpa="false" schemaversion="2">
<suite id="s1" name="Merchant Api" source="/Users/nathakrit/Documents/pay9/testcases/api/merchant_api.robot">
<test id="s1-t1" name="Merchant create product">
<kw name="Create product" library="merchant_keyword">
<arg>${token}</arg>
<kw name="Create Dictionary" library="BuiltIn">
<var>&amp;{header}</var>
<arg>Accept=application/json</arg>
<arg>Content-Type=application/json</arg>
<arg>X-Access-Token=${token}</arg>
<doc>Creates and returns a dictionary based on the given ``items``.</doc>
<msg timestamp="20210402 23:57:45.632" level="INFO">&amp;{header} = { Accept=application/json | Content-Type=application/json | X-Access-Token=5edf2cabd592416eba010c6c5ed58f38 }</msg>
<status status="PASS" starttime="20210402 23:57:45.631" endtime="20210402 23:57:45.632"/>
</kw>
<kw name="Load JSON From File" library="JSONLibrary">
<var>${body}</var>
<arg>/Users/nathakrit/Documents/pay9/keywords/api/add_product.json</arg>
<doc>Load JSON from file.</doc>
<msg timestamp="20210402 23:57:45.633" level="INFO">${body} = {'brand': 'James Bond', 'category_id': 239, 'commission': 10, 'cost': 20, 'detail': 'Automated Product', 'discount': True, 'enabled': True, 'has_options': True, 'image': ['/Users/nathakrit/Downloads/c...</msg>
<status status="PASS" starttime="20210402 23:57:45.632" endtime="20210402 23:57:45.633"/>
</kw>
<kw name="Set Variable" library="BuiltIn">
<var>${end_point}</var>
<arg>${uat-url}/api/merchant/v2/product/create</arg>
<doc>Returns the given values which can then be assigned to a variables.</doc>
<msg timestamp="20210402 23:57:45.633" level="INFO">${end_point} = https://uat.pay9.co/api/merchant/v2/product/create</msg>
<status status="PASS" starttime="20210402 23:57:45.633" endtime="20210402 23:57:45.633"/>
</kw>
<kw name="Post" library="REST">
<var>${response}</var>
<arg>endpoint=${end_point}</arg>
<arg>headers=&amp;{header}</arg>
<arg>body=${body}</arg>
<tag>http</tag>
<doc>*Sends a POST request to the endpoint.*</doc>
<msg timestamp="20210402 23:57:45.830" level="INFO">${response} = {'seconds': 0.158666, 'status': 200, 'body': {'status': True, 'message': 'success', 'product': {'id': '86e21977-a90a-46d2-9e1e-06821fb2f776', 'category_id': 239, 'name': 'Candy', 'sku': 'AUTO007', 'br...</msg>
<status status="PASS" starttime="20210402 23:57:45.633" endtime="20210402 23:57:45.830"/>
</kw>
<kw name="Integer" library="REST">
<arg>response status</arg>
<arg>200</arg>
<tag>assertions</tag>
<doc>*Asserts the field as JSON integer.*</doc>
<status status="PASS" starttime="20210402 23:57:45.830" endtime="20210402 23:57:45.830"/>
</kw>
<kw name="Output" library="REST">
<var>${response}</var>
<arg>response body</arg>
<tag>I/O</tag>
<doc>*Outputs JSON to terminal or a file.*</doc>
<msg timestamp="20210402 23:57:45.831" level="INFO">
{
    "status": true,
    "message": "success",
    "product": {
        "id": "86e21977-a90a-46d2-9e1e-06821fb2f776",
        "category_id": 239,
        "name": "Candy",
        "sku": "AUTO007",
        "brand": "James Bond",
        "slug": "",
        "detail": "Automated Product",
        "price": 0,
        "rebate": 0,
        "image": [
            "/Users/nathakrit/Downloads/candy_test.jpeg"
        ],
        "video": [
            ""
        ],
        "tag": [
            "tag"
        ],
        "remark": "",
        "link": "",
        "merchant_name": "",
        "status": "",
        "suggestion": true,
        "enabled": true,
        "options": [
            {
                "id": "string",
                "name": "10ml.",
                "sku": "a0001",
                "unit": "ขวด",
                "cost": 10.05,
                "wholesale_price": 15.05,
                "retail_price": 20.05,
                "commission": 5.05,
                "stock_amount": 100,
                "discount": true
            }
        ],
        "logistic": {
            "width": 10,
            "height": 10,
            "length": 10,
            "weight": 1,
            "delivery": true
        },
        "unit": "ถุง",
        "cost": 20,
        "wholesale_price": 15.05,
        "retail_price": 20.05,
        "commission": 10,
        "stock_amount": 100,
        "discount": true,
        "has_options": true,
        "created_at": ""
    }
}</msg>
<msg timestamp="20210402 23:57:45.839" level="INFO">${response} = {'status': True, 'message': 'success', 'product': {'id': '86e21977-a90a-46d2-9e1e-06821fb2f776', 'category_id': 239, 'name': 'Candy', 'sku': 'AUTO007', 'brand': 'James Bond', 'slug': '', 'detail': 'Au...</msg>
<status status="PASS" starttime="20210402 23:57:45.831" endtime="20210402 23:57:45.839"/>
</kw>
<status status="PASS" starttime="20210402 23:57:45.631" endtime="20210402 23:57:45.840"/>
</kw>
<tag>create_product</tag>
<status status="PASS" starttime="20210402 23:57:45.630" endtime="20210402 23:57:45.840"/>
</test>
<status status="PASS" starttime="20210402 23:57:45.086" endtime="20210402 23:57:45.840"/>
</suite>
<statistics>
<total>
<stat pass="1" fail="0" skip="0">All Tests</stat>
</total>
<tag>
<stat pass="1" fail="0" skip="0">create_product</stat>
</tag>
<suite>
<stat pass="1" fail="0" skip="0" id="s1" name="Merchant Api">Merchant Api</stat>
</suite>
</statistics>
<errors>
<msg timestamp="20210402 23:57:45.391" level="ERROR">Error in file '/Users/nathakrit/Documents/pay9/common.robot' on line 4: Importing library 'HttpLibrary.HTTP' failed: Module 'HttpLibrary' does not contain 'HTTP'.</msg>
</errors>
</robot>
