<?xml version="1.0" encoding="UTF-8"?>
<robot generator="Robot 4.0 (Python 3.9.0 on darwin)" generated="20210323 23:51:33.632" rpa="false" schemaversion="2">
<suite id="s1" name="Merchant Api" source="/Users/nathakrit/Documents/pay9/testcases/api/merchant_api.robot">
<test id="s1-t1" name="Merchant get token">
<kw name="Get token via mobile no" library="authen">
<var>${token}</var>
<kw name="Agent request otp" library="authen">
<var>${otp}</var>
<kw name="Create Dictionary" library="BuiltIn">
<var>&amp;{header}</var>
<arg>Accept=application/json</arg>
<arg>Content-Type=application/json</arg>
<doc>Creates and returns a dictionary based on the given ``items``.</doc>
<msg timestamp="20210323 23:51:34.091" level="INFO">&amp;{header} = { Accept=application/json | Content-Type=application/json }</msg>
<status status="PASS" starttime="20210323 23:51:34.091" endtime="20210323 23:51:34.091"/>
</kw>
<kw name="Create Dictionary" library="BuiltIn">
<var>&amp;{body}</var>
<arg>fcm_instance_id=-</arg>
<arg>phone_number=${mobile_no}</arg>
<doc>Creates and returns a dictionary based on the given ``items``.</doc>
<msg timestamp="20210323 23:51:34.092" level="INFO">&amp;{body} = { fcm_instance_id=- | phone_number=+66900000001 }</msg>
<status status="PASS" starttime="20210323 23:51:34.091" endtime="20210323 23:51:34.092"/>
</kw>
<kw name="Set Variable" library="BuiltIn">
<var>${end_point}</var>
<arg>${dev-url}/api/auth/v1/otp/request</arg>
<doc>Returns the given values which can then be assigned to a variables.</doc>
<msg timestamp="20210323 23:51:34.092" level="INFO">${end_point} = https://dev.pay9.co/api/auth/v1/otp/request</msg>
<status status="PASS" starttime="20210323 23:51:34.092" endtime="20210323 23:51:34.092"/>
</kw>
<kw name="Post" library="REST">
<var>${response}</var>
<arg>endpoint=${end_point}</arg>
<arg>headers=&amp;{header}</arg>
<arg>body=&amp;{body}</arg>
<tag>http</tag>
<doc>*Sends a POST request to the endpoint.*</doc>
<msg timestamp="20210323 23:51:34.373" level="INFO">${response} = {'seconds': 0.220842, 'status': 200, 'body': {'status': True, 'message': 'success', 'test_number': True, 'otp': '8534'}, 'headers': {'Date': 'Tue, 23 Mar 2021 16:51:34 GMT', 'Content-Type': 'applicati...</msg>
<status status="PASS" starttime="20210323 23:51:34.092" endtime="20210323 23:51:34.373"/>
</kw>
<kw name="Integer" library="REST">
<arg>response status</arg>
<arg>200</arg>
<tag>assertions</tag>
<doc>*Asserts the field as JSON integer.*</doc>
<status status="PASS" starttime="20210323 23:51:34.373" endtime="20210323 23:51:34.374"/>
</kw>
<kw name="Output" library="REST">
<var>${response}</var>
<arg>response body</arg>
<tag>I/O</tag>
<doc>*Outputs JSON to terminal or a file.*</doc>
<msg timestamp="20210323 23:51:34.374" level="INFO">
{
    "status": true,
    "message": "success",
    "test_number": true,
    "otp": "8534"
}</msg>
<msg timestamp="20210323 23:51:34.379" level="INFO">${response} = {'status': True, 'message': 'success', 'test_number': True, 'otp': '8534'}</msg>
<status status="PASS" starttime="20210323 23:51:34.374" endtime="20210323 23:51:34.379"/>
</kw>
<kw name="Get Value From Json" library="JSONLibrary">
<var>${otp}</var>
<arg>${response}</arg>
<arg>$..otp</arg>
<doc>Get Value From JSON using JSONPath</doc>
<msg timestamp="20210323 23:51:34.404" level="INFO">${otp} = ['8534']</msg>
<status status="PASS" starttime="20210323 23:51:34.379" endtime="20210323 23:51:34.404"/>
</kw>
<msg timestamp="20210323 23:51:34.404" level="INFO">${otp} = 8534</msg>
<status status="PASS" starttime="20210323 23:51:34.090" endtime="20210323 23:51:34.404"/>
</kw>
<kw name="Agent validate otp and get token" library="authen">
<var>${token}</var>
<arg>${mobile_no}</arg>
<arg>${otp}</arg>
<kw name="Create Dictionary" library="BuiltIn">
<var>&amp;{header}</var>
<arg>Accept=application/json</arg>
<arg>Content-Type=application/json</arg>
<doc>Creates and returns a dictionary based on the given ``items``.</doc>
<msg timestamp="20210323 23:51:34.405" level="INFO">&amp;{header} = { Accept=application/json | Content-Type=application/json }</msg>
<status status="PASS" starttime="20210323 23:51:34.405" endtime="20210323 23:51:34.405"/>
</kw>
<kw name="Create Dictionary" library="BuiltIn">
<var>&amp;{body}</var>
<arg>passcode=${otp}</arg>
<arg>phone_number=${mobile_no}</arg>
<doc>Creates and returns a dictionary based on the given ``items``.</doc>
<msg timestamp="20210323 23:51:34.406" level="INFO">&amp;{body} = { passcode=8534 | phone_number=+66900000001 }</msg>
<status status="PASS" starttime="20210323 23:51:34.405" endtime="20210323 23:51:34.406"/>
</kw>
<kw name="Set Variable" library="BuiltIn">
<var>${end_point}</var>
<arg>${dev-url}/api/auth/v1/otp/validate</arg>
<doc>Returns the given values which can then be assigned to a variables.</doc>
<msg timestamp="20210323 23:51:34.406" level="INFO">${end_point} = https://dev.pay9.co/api/auth/v1/otp/validate</msg>
<status status="PASS" starttime="20210323 23:51:34.406" endtime="20210323 23:51:34.406"/>
</kw>
<kw name="Post" library="REST">
<var>${response}</var>
<arg>endpoint=${end_point}</arg>
<arg>headers=&amp;{header}</arg>
<arg>body=&amp;{body}</arg>
<tag>http</tag>
<doc>*Sends a POST request to the endpoint.*</doc>
<msg timestamp="20210323 23:51:34.562" level="INFO">${response} = {'seconds': 0.149949, 'status': 200, 'body': {'status': True, 'message': 'success', 'access_token': '2806e6e432bd44d78d2b899670ed2e4f', 'expires_at': 1616518594, 'expires_in': 300, 'refresh_token': 'd...</msg>
<status status="PASS" starttime="20210323 23:51:34.406" endtime="20210323 23:51:34.562"/>
</kw>
<kw name="Integer" library="REST">
<arg>response status</arg>
<arg>200</arg>
<tag>assertions</tag>
<doc>*Asserts the field as JSON integer.*</doc>
<status status="PASS" starttime="20210323 23:51:34.562" endtime="20210323 23:51:34.562"/>
</kw>
<kw name="Output" library="REST">
<var>${response}</var>
<arg>response body</arg>
<tag>I/O</tag>
<doc>*Outputs JSON to terminal or a file.*</doc>
<msg timestamp="20210323 23:51:34.563" level="INFO">
{
    "status": true,
    "message": "success",
    "access_token": "2806e6e432bd44d78d2b899670ed2e4f",
    "expires_at": 1616518594,
    "expires_in": 300,
    "refresh_token": "d3c809b947a5495f8a851bebe204fd28"
}</msg>
<msg timestamp="20210323 23:51:34.563" level="INFO">${response} = {'status': True, 'message': 'success', 'access_token': '2806e6e432bd44d78d2b899670ed2e4f', 'expires_at': 1616518594, 'expires_in': 300, 'refresh_token': 'd3c809b947a5495f8a851bebe204fd28'}</msg>
<status status="PASS" starttime="20210323 23:51:34.563" endtime="20210323 23:51:34.563"/>
</kw>
<kw name="Get Value From Json" library="JSONLibrary">
<var>${token}</var>
<arg>${response}</arg>
<arg>$..access_token</arg>
<doc>Get Value From JSON using JSONPath</doc>
<msg timestamp="20210323 23:51:34.593" level="INFO">${token} = ['2806e6e432bd44d78d2b899670ed2e4f']</msg>
<status status="PASS" starttime="20210323 23:51:34.563" endtime="20210323 23:51:34.593"/>
</kw>
<msg timestamp="20210323 23:51:34.593" level="INFO">${token} = 2806e6e432bd44d78d2b899670ed2e4f</msg>
<status status="PASS" starttime="20210323 23:51:34.404" endtime="20210323 23:51:34.593"/>
</kw>
<msg timestamp="20210323 23:51:34.593" level="INFO">${token} = 2806e6e432bd44d78d2b899670ed2e4f</msg>
<status status="PASS" starttime="20210323 23:51:34.090" endtime="20210323 23:51:34.594"/>
</kw>
<tag>authen</tag>
<status status="PASS" starttime="20210323 23:51:34.089" endtime="20210323 23:51:34.594"/>
</test>
<status status="PASS" starttime="20210323 23:51:33.633" endtime="20210323 23:51:34.595"/>
</suite>
<statistics>
<total>
<stat pass="1" fail="0" skip="0">All Tests</stat>
</total>
<tag>
<stat pass="1" fail="0" skip="0">authen</stat>
</tag>
<suite>
<stat pass="1" fail="0" skip="0" id="s1" name="Merchant Api">Merchant Api</stat>
</suite>
</statistics>
<errors>
<msg timestamp="20210323 23:51:33.881" level="ERROR">Error in file '/Users/nathakrit/Documents/pay9/common.robot' on line 4: Importing library 'HttpLibrary.HTTP' failed: Module 'HttpLibrary' does not contain 'HTTP'.</msg>
<msg timestamp="20210323 23:51:34.088" level="ERROR">Error in file '/Users/nathakrit/Documents/pay9/resources/variables/web_import.robot' on line 2: Resource file '../common.robot' does not exist.</msg>
</errors>
</robot>
