<?xml version="1.0" encoding="UTF-8"?>
<robot generator="Robot 4.0 (Python 3.9.0 on darwin)" generated="20210331 23:13:07.820" rpa="false" schemaversion="2">
<suite id="s1" name="Merchant Api" source="/Users/nathakrit/Documents/pay9/testcases/api/merchant_api.robot">
<test id="s1-t1" name="Merchant create category">
<kw name="Get category list" library="merchant_keyword">
<arg>3cfb212c04e9428790b35553d3ecc27b</arg>
<kw name="Create Dictionary" library="BuiltIn">
<var>&amp;{header}</var>
<arg>Accept=application/json</arg>
<arg>Content-Type=application/json</arg>
<arg>X-Access-Token=${token}</arg>
<doc>Creates and returns a dictionary based on the given ``items``.</doc>
<msg timestamp="20210331 23:13:08.235" level="INFO">&amp;{header} = { Accept=application/json | Content-Type=application/json | X-Access-Token=3cfb212c04e9428790b35553d3ecc27b }</msg>
<status status="PASS" starttime="20210331 23:13:08.234" endtime="20210331 23:13:08.235"/>
</kw>
<kw name="Create Dictionary" library="BuiltIn">
<var>&amp;{body}</var>
<arg>merchant_id=${merchant_id}</arg>
<doc>Creates and returns a dictionary based on the given ``items``.</doc>
<msg timestamp="20210331 23:13:08.235" level="INFO">&amp;{body} = { merchant_id=7f2036e6-1420-4282-9ff7-c6a4accb0498 }</msg>
<status status="PASS" starttime="20210331 23:13:08.235" endtime="20210331 23:13:08.235"/>
</kw>
<kw name="Set Variable" library="BuiltIn">
<var>${end_point}</var>
<arg>${uat-url}/api/merchant/v2/category/list</arg>
<doc>Returns the given values which can then be assigned to a variables.</doc>
<msg timestamp="20210331 23:13:08.236" level="INFO">${end_point} = https://uat.pay9.co/api/merchant/v2/category/list</msg>
<status status="PASS" starttime="20210331 23:13:08.235" endtime="20210331 23:13:08.236"/>
</kw>
<kw name="Post" library="REST">
<var>${response}</var>
<arg>endpoint=${end_point}</arg>
<arg>headers=&amp;{header}</arg>
<arg>body=&amp;{body}</arg>
<tag>http</tag>
<doc>*Sends a POST request to the endpoint.*</doc>
<msg timestamp="20210331 23:13:08.438" level="INFO">${response} = {'seconds': 0.156053, 'status': 200, 'body': {'status': True, 'message': 'success', 'categories': [{'id': 232, 'name': 'Candy', 'sub_categories': []}]}, 'headers': {'Date': 'Wed, 31 Mar 2021 16:13:08 ...</msg>
<status status="PASS" starttime="20210331 23:13:08.236" endtime="20210331 23:13:08.438"/>
</kw>
<kw name="Integer" library="REST">
<arg>response status</arg>
<arg>200</arg>
<tag>assertions</tag>
<doc>*Asserts the field as JSON integer.*</doc>
<status status="PASS" starttime="20210331 23:13:08.439" endtime="20210331 23:13:08.439"/>
</kw>
<kw name="Output" library="REST">
<var>${response}</var>
<arg>response body</arg>
<tag>I/O</tag>
<doc>*Outputs JSON to terminal or a file.*</doc>
<msg timestamp="20210331 23:13:08.440" level="INFO">
{
    "status": true,
    "message": "success",
    "categories": [
        {
            "id": 232,
            "name": "Candy",
            "sub_categories": []
        }
    ]
}</msg>
<msg timestamp="20210331 23:13:08.444" level="INFO">${response} = {'status': True, 'message': 'success', 'categories': [{'id': 232, 'name': 'Candy', 'sub_categories': []}]}</msg>
<status status="PASS" starttime="20210331 23:13:08.439" endtime="20210331 23:13:08.444"/>
</kw>
<kw name="Get Value From Json" library="JSONLibrary">
<var>${cat_name}</var>
<arg>${response}</arg>
<arg>$..categories[0].name</arg>
<doc>Get Value From JSON using JSONPath</doc>
<msg timestamp="20210331 23:13:08.471" level="INFO">${cat_name} = ['Candy']</msg>
<status status="PASS" starttime="20210331 23:13:08.445" endtime="20210331 23:13:08.471"/>
</kw>
<status status="PASS" starttime="20210331 23:13:08.234" endtime="20210331 23:13:08.471"/>
</kw>
<tag>category_list</tag>
<status status="PASS" starttime="20210331 23:13:08.233" endtime="20210331 23:13:08.471"/>
</test>
<status status="PASS" starttime="20210331 23:13:07.821" endtime="20210331 23:13:08.472"/>
</suite>
<statistics>
<total>
<stat pass="1" fail="0" skip="0">All Tests</stat>
</total>
<tag>
<stat pass="1" fail="0" skip="0">category_list</stat>
</tag>
<suite>
<stat pass="1" fail="0" skip="0" id="s1" name="Merchant Api">Merchant Api</stat>
</suite>
</statistics>
<errors>
<msg timestamp="20210331 23:13:08.035" level="ERROR">Error in file '/Users/nathakrit/Documents/pay9/common.robot' on line 4: Importing library 'HttpLibrary.HTTP' failed: Module 'HttpLibrary' does not contain 'HTTP'.</msg>
</errors>
</robot>
