<?xml version="1.0" encoding="UTF-8"?>
<robot generator="Robot 4.0 (Python 3.9.0 on darwin)" generated="20210404 00:33:01.596" rpa="false" schemaversion="2">
<suite id="s1" name="Merchant Api" source="/Users/nathakrit/Documents/pay9/testcases/api/merchant_api.robot">
<test id="s1-t1" name="Merchant get order detail">
<kw name="Get order detail" library="merchant_keyword">
<arg>${token}</arg>
<kw name="Create Dictionary" library="BuiltIn">
<var>&amp;{header}</var>
<arg>Accept=application/json</arg>
<arg>Content-Type=application/json</arg>
<arg>X-Access-Token=${token}</arg>
<doc>Creates and returns a dictionary based on the given ``items``.</doc>
<msg timestamp="20210404 00:33:02.218" level="INFO">&amp;{header} = { Accept=application/json | Content-Type=application/json | X-Access-Token=3146f170750f47988812598021215c3a }</msg>
<status status="PASS" starttime="20210404 00:33:02.217" endtime="20210404 00:33:02.218"/>
</kw>
<kw name="Set Variable" library="BuiltIn">
<var>${body}</var>
<arg>{"order_id": "71d29cdd-9ef2-4aec-9012-776c1420e7b5"}</arg>
<doc>Returns the given values which can then be assigned to a variables.</doc>
<msg timestamp="20210404 00:33:02.218" level="INFO">${body} = {"order_id": "71d29cdd-9ef2-4aec-9012-776c1420e7b5"}</msg>
<status status="PASS" starttime="20210404 00:33:02.218" endtime="20210404 00:33:02.218"/>
</kw>
<kw name="Convert String to JSON" library="JSONLibrary">
<var>${body}</var>
<arg>${body}</arg>
<doc>Convert String to JSON object</doc>
<msg timestamp="20210404 00:33:02.218" level="INFO">${body} = {'order_id': '71d29cdd-9ef2-4aec-9012-776c1420e7b5'}</msg>
<status status="PASS" starttime="20210404 00:33:02.218" endtime="20210404 00:33:02.218"/>
</kw>
<kw name="Set Variable" library="BuiltIn">
<var>${end_point}</var>
<arg>${merchant-uat}/api/merchant/v2/order/detail</arg>
<doc>Returns the given values which can then be assigned to a variables.</doc>
<msg timestamp="20210404 00:33:02.219" level="INFO">${end_point} = https://merchant-uat.pay9.co/api/merchant/v2/order/detail</msg>
<status status="PASS" starttime="20210404 00:33:02.218" endtime="20210404 00:33:02.219"/>
</kw>
<kw name="Post" library="REST">
<var>${response}</var>
<arg>endpoint=${end_point}</arg>
<arg>headers=&amp;{header}</arg>
<arg>body=${body}</arg>
<tag>http</tag>
<doc>*Sends a POST request to the endpoint.*</doc>
<msg timestamp="20210404 00:33:02.652" level="INFO">${response} = {'seconds': 0.253381, 'status': 200, 'body': {'status': True, 'message': 'success', 'order': {'id': '71d29cdd-9ef2-4aec-9012-776c1420e7b5', 'merchant_uuid': '7f2036e6-1420-4282-9ff7-c6a4accb0498', 'me...</msg>
<status status="PASS" starttime="20210404 00:33:02.219" endtime="20210404 00:33:02.652"/>
</kw>
<kw name="Integer" library="REST">
<arg>response status</arg>
<arg>200</arg>
<tag>assertions</tag>
<doc>*Asserts the field as JSON integer.*</doc>
<status status="PASS" starttime="20210404 00:33:02.653" endtime="20210404 00:33:02.653"/>
</kw>
<kw name="Output" library="REST">
<var>${response}</var>
<arg>response body</arg>
<tag>I/O</tag>
<doc>*Outputs JSON to terminal or a file.*</doc>
<msg timestamp="20210404 00:33:02.654" level="INFO">
{
    "status": true,
    "message": "success",
    "order": {
        "id": "71d29cdd-9ef2-4aec-9012-776c1420e7b5",
        "merchant_uuid": "7f2036e6-1420-4282-9ff7-c6a4accb0498",
        "merchant_name": "Shop",
        "merchant_logo": "https://storage.googleapis.com/credit9/public/file/03c6d383-3275-4012-9267-b7325d2fb8c3_bill_attach_2wd-FZ63_400x400.jpeg",
        "merchant_location": "{\"location_lat\":13.7563,\"location_long\":100.5018}",
        "customer": {
            "id": "fe03f761-acd3-473e-8bb6-e3caa97e08e1",
            "name": "ฺBond_cus",
            "address": "123",
            "phone_number": "064-365-9596",
            "email": "np@gmail.com",
            "postcode": "50000",
            "role": "n/a"
        },
        "sum_of_qty": 3,
        "sum_item_amount": 270,
        "discount_word": "",
        "discount_amount": 0,
        "after_discount_amount": 270,
        "shipping_amount": 0,
        "total_amount": 270,
        "status": 3,
        "status_en": "processing order",
        "status_th": "กำลังจัดเตรียมสินค้า",
        "payment": {
            "method": "",
            "bank": "",
            "amount": 0,
            "paid_at": "",
            "slip_image": ""
        },
        "order_no": "OD640403-001",
        "is_cancel": 0,
        "is_paid_comm": 0,
        "comm_amount": 120,
        "receive_date": "0001-01-01 00:00:00",
        "receive_time": "Invalid date",
        "ref_type": 2,
        "ref_uuid": "fa7859bc-1457-4f35-bf9c-d149697847dd",
        "updated_by": "2021-04-03 16:36:09.092284+00",
        "updated_at": "",
        "canceled_by": "",
        "canceled_at": "0001-01-01T00:00:00Z",
        "ref": "",
        "sale_channel": "website",
        "items": [
            {
                "product_id": "377215ed-88dc-47bf-9cf3-625008fff600",
                "variation_uuid": "",
                "sku": "",
                "name": "test test",
                "qty": 3,
                "unit": "pcs",
                "price": 90,
                "amount": 270,
                "minimum_order": false,
                "is_sub_set": false,
                "images": [
                    "https://storage.googleapis.com/credit9/public/file/30ade99c-9778-407d-95fb-6cd5ff6e4d97_bill_attach_candy_test.jpeg"
                ]
            }
        ],
        "delivery": {
            "id": 0,
            "uuid": "",
            "method": "pickup",
            "ref_type": 0,
            "ref_uuid": "",
            "shipping_uuid": "",
            "shipping_name": "",
            "contact_name": "",
            "recipient_name": "",
            "recipient_phone": "",
            "recipient_address": "",
            "location": "",
            "latitude": 0,
            "longitude": 0,
            "status": 0,
            "tracking_number": "",
            "delivery_number": "",
            "delivery_date": "",
            "receive_time": "",
            "updated_by": "",
            "updated_at": ""
        },
        "logistic": {
            "width": 0,
            "height": 0,
            "length": 0,
            "weight": 0,
            "delivery": false
        },
        "billing_address": {
            "account_type": "n/a",
            "company_name": "n/a",
            "tax_id": "n/a",
            "address": "n/a",
            "post_code": "n/a",
            "phone_number": "n/a",
            "contact_name": "n/a"
        },
        "note_customer": "",
        "note_internal": "",
        "created_by": "",
        "created_at": "",
        "remark": ""
    }
}</msg>
<msg timestamp="20210404 00:33:02.663" level="INFO">${response} = {'status': True, 'message': 'success', 'order': {'id': '71d29cdd-9ef2-4aec-9012-776c1420e7b5', 'merchant_uuid': '7f2036e6-1420-4282-9ff7-c6a4accb0498', 'merchant_name': 'Shop', 'merchant_logo': 'https...</msg>
<status status="PASS" starttime="20210404 00:33:02.653" endtime="20210404 00:33:02.663"/>
</kw>
<status status="PASS" starttime="20210404 00:33:02.217" endtime="20210404 00:33:02.664"/>
</kw>
<tag>order_detail</tag>
<status status="PASS" starttime="20210404 00:33:02.216" endtime="20210404 00:33:02.664"/>
</test>
<status status="PASS" starttime="20210404 00:33:01.598" endtime="20210404 00:33:02.664"/>
</suite>
<statistics>
<total>
<stat pass="1" fail="0" skip="0">All Tests</stat>
</total>
<tag>
<stat pass="1" fail="0" skip="0">order_detail</stat>
</tag>
<suite>
<stat pass="1" fail="0" skip="0" id="s1" name="Merchant Api">Merchant Api</stat>
</suite>
</statistics>
<errors>
<msg timestamp="20210404 00:33:01.924" level="ERROR">Error in file '/Users/nathakrit/Documents/pay9/common.robot' on line 4: Importing library 'HttpLibrary.HTTP' failed: Module 'HttpLibrary' does not contain 'HTTP'.</msg>
</errors>
</robot>
