<?xml version="1.0" encoding="UTF-8"?>
<robot generator="Robot 4.0 (Python 3.9.0 on darwin)" generated="20210402 12:38:07.468" rpa="false" schemaversion="2">
<suite id="s1" name="Merchant Api" source="/Users/nathakrit/Documents/pay9/testcases/api/merchant_api.robot">
<test id="s1-t1" name="Merchant create product">
<kw name="Create product" library="merchant_keyword">
<arg>${token}</arg>
<kw name="Create Dictionary" library="BuiltIn">
<var>&amp;{header}</var>
<arg>Accept=application/json</arg>
<arg>Content-Type=application/json</arg>
<arg>X-Access-Token=${token}</arg>
<doc>Creates and returns a dictionary based on the given ``items``.</doc>
<msg timestamp="20210402 12:38:08.063" level="INFO">&amp;{header} = { Accept=application/json | Content-Type=application/json | X-Access-Token=94c75a90455e49a9aa1e96705b25233f }</msg>
<status status="PASS" starttime="20210402 12:38:08.062" endtime="20210402 12:38:08.063"/>
</kw>
<kw name="Load JSON From File" library="JSONLibrary">
<var>${body}</var>
<arg>/Users/nathakrit/Documents/pay9/keywords/api/add_product.json</arg>
<doc>Load JSON from file.</doc>
<msg timestamp="20210402 12:38:08.064" level="INFO">${body} = {'brand': 'James Bond', 'category_id': 232, 'commission': 10, 'cost': 20, 'detail': 'Automated Product', 'discount': True, 'enabled': True, 'has_options': True, 'image': ['/Users/nathakrit/Downloads/c...</msg>
<status status="PASS" starttime="20210402 12:38:08.063" endtime="20210402 12:38:08.064"/>
</kw>
<status status="PASS" starttime="20210402 12:38:08.062" endtime="20210402 12:38:08.064"/>
</kw>
<tag>create_product</tag>
<status status="PASS" starttime="20210402 12:38:08.061" endtime="20210402 12:38:08.064"/>
</test>
<status status="PASS" starttime="20210402 12:38:07.469" endtime="20210402 12:38:08.065"/>
</suite>
<statistics>
<total>
<stat pass="1" fail="0" skip="0">All Tests</stat>
</total>
<tag>
<stat pass="1" fail="0" skip="0">create_product</stat>
</tag>
<suite>
<stat pass="1" fail="0" skip="0" id="s1" name="Merchant Api">Merchant Api</stat>
</suite>
</statistics>
<errors>
<msg timestamp="20210402 12:38:07.797" level="ERROR">Error in file '/Users/nathakrit/Documents/pay9/common.robot' on line 4: Importing library 'HttpLibrary.HTTP' failed: Module 'HttpLibrary' does not contain 'HTTP'.</msg>
</errors>
</robot>
